Using pre-set license
Built from '2020.3/staging' branch; Version is '2020.3.17f1 (a4537701e4ab) revision 10769271'; Using compiler version '192528614'; Build Type 'Release'
OS: 'Windows 10 Home; OS build 19043.1466; Version 2009; 64bit' Language: 'ko' Physical Memory: 8143 MB
BatchMode: 1, IsHumanControllingUs: 0, StartBugReporterOnCrash: 0, Is64bit: 1, IsPro: 0

COMMAND LINE ARGUMENTS:
C:\Program Files\Unity\Hub\Editor\2020.3.17f1\Editor\Unity.exe
-adb2
-batchMode
-noUpm
-name
AssetImportWorker1
-projectPath
C:/Users/dlsgh/Unity-GitHub/Game/3DRPG-portfolio/Project RPG/Project RPG
-logFile
Logs/AssetImportWorker1.log
-srvPort
64828
Successfully changed project path to: C:/Users/dlsgh/Unity-GitHub/Game/3DRPG-portfolio/Project RPG/Project RPG
C:/Users/dlsgh/Unity-GitHub/Game/3DRPG-portfolio/Project RPG/Project RPG
Using Asset Import Pipeline V2.
Refreshing native plugins compatible for Editor in 313.76 ms, found 4 plugins.
Preloading 0 native plugins for Editor in 0.00 ms.
Initialize engine version: 2020.3.17f1 (a4537701e4ab)
[Subsystems] Discovering subsystems at path C:/Program Files/Unity/Hub/Editor/2020.3.17f1/Editor/Data/Resources/UnitySubsystems
[Subsystems] Discovering subsystems at path C:/Users/dlsgh/Unity-GitHub/Game/3DRPG-portfolio/Project RPG/Project RPG/Assets
GfxDevice: creating device client; threaded=0
Direct3D:
    Version:  Direct3D 11.0 [level 11.1]
    Renderer: NVIDIA GeForce GTX 970 (ID=0x13c2)
    Vendor:   
    VRAM:     4059 MB
    Driver:   22.21.13.8205
Initialize mono
Mono path[0] = 'C:/Program Files/Unity/Hub/Editor/2020.3.17f1/Editor/Data/Managed'
Mono path[1] = 'C:/Program Files/Unity/Hub/Editor/2020.3.17f1/Editor/Data/MonoBleedingEdge/lib/mono/unityjit'
Mono config path = 'C:/Program Files/Unity/Hub/Editor/2020.3.17f1/Editor/Data/MonoBleedingEdge/etc'
Using monoOptions --debugger-agent=transport=dt_socket,embedding=1,server=y,suspend=n,address=127.0.0.1:56812
Begin MonoManager ReloadAssembly
Registering precompiled unity dll's ...
Register platform support module: C:/Program Files/Unity/Hub/Editor/2020.3.17f1/Editor/Data/PlaybackEngines/WindowsStandaloneSupport/UnityEditor.WindowsStandalone.Extensions.dll
Registered in 0.003733 seconds.
Native extension for WindowsStandalone target not found
Refreshing native plugins compatible for Editor in 545.34 ms, found 4 plugins.
Preloading 0 native plugins for Editor in 0.00 ms.
Mono: successfully reloaded assembly
- Completed reload, in  3.932 seconds
Domain Reload Profiling:
	ReloadAssembly (3932ms)
		BeginReloadAssembly (154ms)
			ExecutionOrderSort (0ms)
			DisableScriptedObjects (0ms)
			BackupInstance (0ms)
			ReleaseScriptingObjects (0ms)
			CreateAndSetChildDomain (1ms)
		EndReloadAssembly (1039ms)
			LoadAssemblies (150ms)
			RebuildTransferFunctionScriptingTraits (0ms)
			SetupTypeCache (172ms)
			ReleaseScriptCaches (0ms)
			RebuildScriptCaches (41ms)
			SetupLoadedEditorAssemblies (728ms)
				LogAssemblyErrors (0ms)
				InitializePlatformSupportModulesInManaged (5ms)
				SetLoadedEditorAssemblies (0ms)
				RefreshPlugins (545ms)
				BeforeProcessingInitializeOnLoad (18ms)
				ProcessInitializeOnLoadAttributes (116ms)
				ProcessInitializeOnLoadMethodAttributes (43ms)
				AfterProcessingInitializeOnLoad (0ms)
				EditorAssembliesLoaded (0ms)
			ExecutionOrderSort2 (0ms)
			AwakeInstancesAfterBackupRestoration (0ms)
Platform modules already initialized, skipping
Registering precompiled user dll's ...
Registered in 0.020227 seconds.
Begin MonoManager ReloadAssembly
Native extension for WindowsStandalone target not found
Refreshing native plugins compatible for Editor in 177.31 ms, found 4 plugins.
Preloading 0 native plugins for Editor in 0.00 ms.
Mono: successfully reloaded assembly
- Completed reload, in  2.926 seconds
Domain Reload Profiling:
	ReloadAssembly (2927ms)
		BeginReloadAssembly (183ms)
			ExecutionOrderSort (0ms)
			DisableScriptedObjects (5ms)
			BackupInstance (0ms)
			ReleaseScriptingObjects (0ms)
			CreateAndSetChildDomain (21ms)
		EndReloadAssembly (2658ms)
			LoadAssemblies (176ms)
			RebuildTransferFunctionScriptingTraits (0ms)
			SetupTypeCache (494ms)
			ReleaseScriptCaches (1ms)
			RebuildScriptCaches (124ms)
			SetupLoadedEditorAssemblies (1721ms)
				LogAssemblyErrors (0ms)
				InitializePlatformSupportModulesInManaged (5ms)
				SetLoadedEditorAssemblies (0ms)
				RefreshPlugins (177ms)
				BeforeProcessingInitializeOnLoad (191ms)
				ProcessInitializeOnLoadAttributes (1321ms)
				ProcessInitializeOnLoadMethodAttributes (13ms)
				AfterProcessingInitializeOnLoad (12ms)
				EditorAssembliesLoaded (0ms)
			ExecutionOrderSort2 (0ms)
			AwakeInstancesAfterBackupRestoration (8ms)
Platform modules already initialized, skipping
========================================================================
Worker process is ready to serve import requests
Launched and connected shader compiler UnityShaderCompiler.exe after 0.10 seconds
Refreshing native plugins compatible for Editor in 1.24 ms, found 4 plugins.
Preloading 0 native plugins for Editor in 0.00 ms.
Unloading 5651 Unused Serialized files (Serialized files now loaded: 0)
System memory in use before: 245.9 MB.
System memory in use after: 246.3 MB.

Unloading 30 unused Assets to reduce memory usage. Loaded Objects now: 6129.
Total: 4.902600 ms (FindLiveObjects: 0.535900 ms CreateObjectMapping: 0.449100 ms MarkObjects: 3.885900 ms  DeleteObjects: 0.030500 ms)

AssetImportParameters requested are different than current active one (requested -> active):
  custom:framework-win-MediaFoundation: 216162199b28c13a410421893ffa2e32 -> 
  custom:video-decoder-ogg-theora: a1e56fd34408186e4bbccfd4996cb3dc -> 
  custom:container-muxer-webm: aa71ff27fc2769a1b78a27578f13a17b -> 
  custom:container-demuxer-webm: 4f35f7cbe854078d1ac9338744f61a02 -> 
  custom:container-demuxer-ogg: 62fdf1f143b41e24485cea50d1cbac27 -> 
  custom:video-encoder-webm-vp8: eb34c28f22e8b96e1ab97ce403110664 -> 
  custom:video-codec-MediaFoundation-h265: 746d11721c4dcdbdad8f713fa42b33f4 -> 
  custom:video-decoder-webm-vp8: 9c59270c3fd7afecdb556c50c9e8de78 -> 
  custom:audio-decoder-ogg-vorbis: bf7c407c2cedff20999df2af8eb42d56 -> 
  custom:audio-encoder-webm-vorbis: bf7c407c2cedff20999df2af8eb42d56 -> 
========================================================================
Received Import Request.
  path: Assets/Scripts/CharacterController/PlayerController.cs
  artifactKey: Guid(dd1c4f38d5f851e40ad00b1c797bb74a) Importer(815301076,1909f56bfc062723c751e8b465ee728b)
Start importing Assets/Scripts/CharacterController/PlayerController.cs using Guid(dd1c4f38d5f851e40ad00b1c797bb74a) Importer(815301076,1909f56bfc062723c751e8b465ee728b)  -> (artifact id: 'cc67a1814dec4db0e8a4e1ba9f429791') in 0.062699 seconds 
  Import took 0.074412 seconds .

========================================================================
Received Prepare
Refreshing native plugins compatible for Editor in 10.07 ms, found 4 plugins.
Preloading 0 native plugins for Editor in 0.00 ms.
Unloading 20 Unused Serialized files (Serialized files now loaded: 0)
System memory in use before: 126.3 MB.
System memory in use after: 126.7 MB.

Unloading 20 unused Assets to reduce memory usage. Loaded Objects now: 6129.
Total: 4.434300 ms (FindLiveObjects: 0.526800 ms CreateObjectMapping: 0.421500 ms MarkObjects: 3.467200 ms  DeleteObjects: 0.017800 ms)

AssetImportParameters requested are different than current active one (requested -> active):
  custom:framework-win-MediaFoundation: 216162199b28c13a410421893ffa2e32 -> 
  custom:video-decoder-ogg-theora: a1e56fd34408186e4bbccfd4996cb3dc -> 
  custom:container-muxer-webm: aa71ff27fc2769a1b78a27578f13a17b -> 
  custom:container-demuxer-webm: 4f35f7cbe854078d1ac9338744f61a02 -> 
  custom:container-demuxer-ogg: 62fdf1f143b41e24485cea50d1cbac27 -> 
  custom:video-encoder-webm-vp8: eb34c28f22e8b96e1ab97ce403110664 -> 
  custom:video-codec-MediaFoundation-h265: 746d11721c4dcdbdad8f713fa42b33f4 -> 
  custom:video-decoder-webm-vp8: 9c59270c3fd7afecdb556c50c9e8de78 -> 
  custom:audio-decoder-ogg-vorbis: bf7c407c2cedff20999df2af8eb42d56 -> 
  custom:audio-encoder-webm-vorbis: bf7c407c2cedff20999df2af8eb42d56 -> 
========================================================================
Received Import Request.
  Time since last request: 9.467817 seconds.
  path: Assets/Scripts/CharacterController/PlayerController.cs
  artifactKey: Guid(dd1c4f38d5f851e40ad00b1c797bb74a) Importer(815301076,1909f56bfc062723c751e8b465ee728b)
Start importing Assets/Scripts/CharacterController/PlayerController.cs using Guid(dd1c4f38d5f851e40ad00b1c797bb74a) Importer(815301076,1909f56bfc062723c751e8b465ee728b)  -> (artifact id: '4375f87b05143fabe2b7992d3ee7461c') in 0.005301 seconds 
  Import took 0.019352 seconds .

========================================================================
Received Prepare
Registering precompiled user dll's ...
Registered in 0.016230 seconds.
Begin MonoManager ReloadAssembly
Native extension for WindowsStandalone target not found
Refreshing native plugins compatible for Editor in 1.14 ms, found 4 plugins.
Preloading 0 native plugins for Editor in 0.00 ms.
Mono: successfully reloaded assembly
- Completed reload, in  2.144 seconds
Domain Reload Profiling:
	ReloadAssembly (2147ms)
		BeginReloadAssembly (188ms)
			ExecutionOrderSort (0ms)
			DisableScriptedObjects (26ms)
			BackupInstance (0ms)
			ReleaseScriptingObjects (0ms)
			CreateAndSetChildDomain (55ms)
		EndReloadAssembly (1855ms)
			LoadAssemblies (210ms)
			RebuildTransferFunctionScriptingTraits (0ms)
			SetupTypeCache (534ms)
			ReleaseScriptCaches (2ms)
			RebuildScriptCaches (101ms)
			SetupLoadedEditorAssemblies (865ms)
				LogAssemblyErrors (0ms)
				InitializePlatformSupportModulesInManaged (5ms)
				SetLoadedEditorAssemblies (1ms)
				RefreshPlugins (1ms)
				BeforeProcessingInitializeOnLoad (227ms)
				ProcessInitializeOnLoadAttributes (611ms)
				ProcessInitializeOnLoadMethodAttributes (6ms)
				AfterProcessingInitializeOnLoad (13ms)
				EditorAssembliesLoaded (0ms)
			ExecutionOrderSort2 (0ms)
			AwakeInstancesAfterBackupRestoration (18ms)
Platform modules already initialized, skipping
Switching build target platform(19) subTarget(0) extendedPlatform(0) -> platform(13) subTarget(537395200) extendedPlatform(0)
Refreshing native plugins compatible for Editor in 1.15 ms, found 4 plugins.
Preloading 0 native plugins for Editor in 0.00 ms.
Unloading 5504 Unused Serialized files (Serialized files now loaded: 0)
System memory in use before: 230.9 MB.
System memory in use after: 231.4 MB.

Unloading 23 unused Assets to reduce memory usage. Loaded Objects now: 6133.
Total: 4.605200 ms (FindLiveObjects: 0.536600 ms CreateObjectMapping: 0.361600 ms MarkObjects: 3.657100 ms  DeleteObjects: 0.048500 ms)

AssetImportParameters requested are different than current active one (requested -> active):
  custom:framework-win-MediaFoundation: 216162199b28c13a410421893ffa2e32 -> 
  custom:video-decoder-ogg-theora: a1e56fd34408186e4bbccfd4996cb3dc -> 
  custom:container-muxer-webm: aa71ff27fc2769a1b78a27578f13a17b -> 
  custom:container-demuxer-webm: 4f35f7cbe854078d1ac9338744f61a02 -> 
  custom:container-demuxer-ogg: 62fdf1f143b41e24485cea50d1cbac27 -> 
  custom:video-encoder-webm-vp8: eb34c28f22e8b96e1ab97ce403110664 -> 
  custom:video-codec-MediaFoundation-h265: 746d11721c4dcdbdad8f713fa42b33f4 -> 
  custom:video-decoder-webm-vp8: 9c59270c3fd7afecdb556c50c9e8de78 -> 
  custom:graphics/normal-map-encoding: 01000000000000000000000000000000 -> 02000000000000000000000000000000
  custom:audio-decoder-ogg-vorbis: bf7c407c2cedff20999df2af8eb42d56 -> 
  custom:audio-encoder-webm-vorbis: bf7c407c2cedff20999df2af8eb42d56 -> 
========================================================================
Received Prepare
Registering precompiled user dll's ...
Registered in 0.043791 seconds.
Begin MonoManager ReloadAssembly
Native extension for WindowsStandalone target not found
Refreshing native plugins compatible for Editor in 1.23 ms, found 4 plugins.
Preloading 0 native plugins for Editor in 0.00 ms.
Mono: successfully reloaded assembly
- Completed reload, in  2.209 seconds
Domain Reload Profiling:
	ReloadAssembly (2211ms)
		BeginReloadAssembly (381ms)
			ExecutionOrderSort (0ms)
			DisableScriptedObjects (30ms)
			BackupInstance (0ms)
			ReleaseScriptingObjects (0ms)
			CreateAndSetChildDomain (223ms)
		EndReloadAssembly (1738ms)
			LoadAssemblies (164ms)
			RebuildTransferFunctionScriptingTraits (0ms)
			SetupTypeCache (504ms)
			ReleaseScriptCaches (3ms)
			RebuildScriptCaches (103ms)
			SetupLoadedEditorAssemblies (773ms)
				LogAssemblyErrors (0ms)
				InitializePlatformSupportModulesInManaged (6ms)
				SetLoadedEditorAssemblies (1ms)
				RefreshPlugins (1ms)
				BeforeProcessingInitializeOnLoad (202ms)
				ProcessInitializeOnLoadAttributes (542ms)
				ProcessInitializeOnLoadMethodAttributes (7ms)
				AfterProcessingInitializeOnLoad (13ms)
				EditorAssembliesLoaded (0ms)
			ExecutionOrderSort2 (0ms)
			AwakeInstancesAfterBackupRestoration (23ms)
Platform modules already initialized, skipping
Switching build target platform(19) subTarget(0) extendedPlatform(0) -> platform(13) subTarget(537395200) extendedPlatform(0)
Refreshing native plugins compatible for Editor in 1.55 ms, found 4 plugins.
Preloading 0 native plugins for Editor in 0.00 ms.
Unloading 5500 Unused Serialized files (Serialized files now loaded: 0)
System memory in use before: 231.0 MB.
System memory in use after: 231.4 MB.

Unloading 27 unused Assets to reduce memory usage. Loaded Objects now: 6133.
Total: 11.664900 ms (FindLiveObjects: 0.782300 ms CreateObjectMapping: 0.710200 ms MarkObjects: 9.773900 ms  DeleteObjects: 0.396800 ms)

AssetImportParameters requested are different than current active one (requested -> active):
  custom:framework-win-MediaFoundation: 216162199b28c13a410421893ffa2e32 -> 
  custom:video-decoder-ogg-theora: a1e56fd34408186e4bbccfd4996cb3dc -> 
  custom:container-muxer-webm: aa71ff27fc2769a1b78a27578f13a17b -> 
  custom:container-demuxer-webm: 4f35f7cbe854078d1ac9338744f61a02 -> 
  custom:container-demuxer-ogg: 62fdf1f143b41e24485cea50d1cbac27 -> 
  custom:video-encoder-webm-vp8: eb34c28f22e8b96e1ab97ce403110664 -> 
  custom:video-codec-MediaFoundation-h265: 746d11721c4dcdbdad8f713fa42b33f4 -> 
  custom:video-decoder-webm-vp8: 9c59270c3fd7afecdb556c50c9e8de78 -> 
  custom:graphics/normal-map-encoding: 01000000000000000000000000000000 -> 02000000000000000000000000000000
  custom:audio-decoder-ogg-vorbis: bf7c407c2cedff20999df2af8eb42d56 -> 
  custom:audio-encoder-webm-vorbis: bf7c407c2cedff20999df2af8eb42d56 -> 
========================================================================
Received Import Request.
  Time since last request: 8593.043004 seconds.
  path: Assets/Scripts/CharacterController/PlayerController.cs
  artifactKey: Guid(dd1c4f38d5f851e40ad00b1c797bb74a) Importer(815301076,1909f56bfc062723c751e8b465ee728b)
Start importing Assets/Scripts/CharacterController/PlayerController.cs using Guid(dd1c4f38d5f851e40ad00b1c797bb74a) Importer(815301076,1909f56bfc062723c751e8b465ee728b)  -> (artifact id: '64e5d67028b7c5f5c15506996c54bad6') in 0.052856 seconds 
  Import took 0.082566 seconds .

========================================================================
Received Import Request.
  Time since last request: 0.002808 seconds.
  path: Assets/Scenes/RPG/Village.unity
  artifactKey: Guid(72c1a7e03b7575c4e9d481d28b4426f7) Importer(815301076,1909f56bfc062723c751e8b465ee728b)
Start importing Assets/Scenes/RPG/Village.unity using Guid(72c1a7e03b7575c4e9d481d28b4426f7) Importer(815301076,1909f56bfc062723c751e8b465ee728b)  -> (artifact id: 'dece2bb327d59ed018a355daf6326ff6') in 0.537731 seconds 
  Import took 0.560697 seconds .

========================================================================
Received Prepare
Registering precompiled user dll's ...
Registered in 0.016893 seconds.
Begin MonoManager ReloadAssembly
Native extension for WindowsStandalone target not found
Refreshing native plugins compatible for Editor in 1.53 ms, found 4 plugins.
Preloading 0 native plugins for Editor in 0.00 ms.
Mono: successfully reloaded assembly
- Completed reload, in  2.165 seconds
Domain Reload Profiling:
	ReloadAssembly (2165ms)
		BeginReloadAssembly (181ms)
			ExecutionOrderSort (0ms)
			DisableScriptedObjects (6ms)
			BackupInstance (0ms)
			ReleaseScriptingObjects (0ms)
			CreateAndSetChildDomain (62ms)
		EndReloadAssembly (1903ms)
			LoadAssemblies (181ms)
			RebuildTransferFunctionScriptingTraits (0ms)
			SetupTypeCache (573ms)
			ReleaseScriptCaches (2ms)
			RebuildScriptCaches (119ms)
			SetupLoadedEditorAssemblies (845ms)
				LogAssemblyErrors (0ms)
				InitializePlatformSupportModulesInManaged (6ms)
				SetLoadedEditorAssemblies (1ms)
				RefreshPlugins (2ms)
				BeforeProcessingInitializeOnLoad (185ms)
				ProcessInitializeOnLoadAttributes (633ms)
				ProcessInitializeOnLoadMethodAttributes (7ms)
				AfterProcessingInitializeOnLoad (12ms)
				EditorAssembliesLoaded (1ms)
			ExecutionOrderSort2 (0ms)
			AwakeInstancesAfterBackupRestoration (25ms)
Platform modules already initialized, skipping
Switching build target platform(19) subTarget(0) extendedPlatform(0) -> platform(13) subTarget(537395200) extendedPlatform(0)
Refreshing native plugins compatible for Editor in 1.54 ms, found 4 plugins.
Preloading 0 native plugins for Editor in 0.00 ms.
Unloading 5498 Unused Serialized files (Serialized files now loaded: 0)
System memory in use before: 231.0 MB.
System memory in use after: 231.4 MB.

Unloading 25 unused Assets to reduce memory usage. Loaded Objects now: 6135.
Total: 4.272600 ms (FindLiveObjects: 0.547400 ms CreateObjectMapping: 0.397000 ms MarkObjects: 3.289400 ms  DeleteObjects: 0.038000 ms)

AssetImportParameters requested are different than current active one (requested -> active):
  custom:framework-win-MediaFoundation: 216162199b28c13a410421893ffa2e32 -> 
  custom:video-decoder-ogg-theora: a1e56fd34408186e4bbccfd4996cb3dc -> 
  custom:container-muxer-webm: aa71ff27fc2769a1b78a27578f13a17b -> 
  custom:container-demuxer-webm: 4f35f7cbe854078d1ac9338744f61a02 -> 
  custom:container-demuxer-ogg: 62fdf1f143b41e24485cea50d1cbac27 -> 
  custom:video-encoder-webm-vp8: eb34c28f22e8b96e1ab97ce403110664 -> 
  custom:video-codec-MediaFoundation-h265: 746d11721c4dcdbdad8f713fa42b33f4 -> 
  custom:video-decoder-webm-vp8: 9c59270c3fd7afecdb556c50c9e8de78 -> 
  custom:graphics/normal-map-encoding: 01000000000000000000000000000000 -> 02000000000000000000000000000000
  custom:audio-decoder-ogg-vorbis: bf7c407c2cedff20999df2af8eb42d56 -> 
  custom:audio-encoder-webm-vorbis: bf7c407c2cedff20999df2af8eb42d56 -> 
========================================================================
Received Prepare
Registering precompiled user dll's ...
Registered in 0.013400 seconds.
Begin MonoManager ReloadAssembly
Native extension for WindowsStandalone target not found
Refreshing native plugins compatible for Editor in 1.15 ms, found 4 plugins.
Preloading 0 native plugins for Editor in 0.00 ms.
Mono: successfully reloaded assembly
- Completed reload, in  2.405 seconds
Domain Reload Profiling:
	ReloadAssembly (2405ms)
		BeginReloadAssembly (150ms)
			ExecutionOrderSort (0ms)
			DisableScriptedObjects (6ms)
			BackupInstance (0ms)
			ReleaseScriptingObjects (0ms)
			CreateAndSetChildDomain (48ms)
		EndReloadAssembly (2172ms)
			LoadAssemblies (150ms)
			RebuildTransferFunctionScriptingTraits (0ms)
			SetupTypeCache (990ms)
			ReleaseScriptCaches (2ms)
			RebuildScriptCaches (98ms)
			SetupLoadedEditorAssemblies (733ms)
				LogAssemblyErrors (0ms)
				InitializePlatformSupportModulesInManaged (5ms)
				SetLoadedEditorAssemblies (0ms)
				RefreshPlugins (1ms)
				BeforeProcessingInitializeOnLoad (179ms)
				ProcessInitializeOnLoadAttributes (529ms)
				ProcessInitializeOnLoadMethodAttributes (6ms)
				AfterProcessingInitializeOnLoad (12ms)
				EditorAssembliesLoaded (0ms)
			ExecutionOrderSort2 (0ms)
			AwakeInstancesAfterBackupRestoration (23ms)
Platform modules already initialized, skipping
Switching build target platform(19) subTarget(0) extendedPlatform(0) -> platform(13) subTarget(537395200) extendedPlatform(0)
Refreshing native plugins compatible for Editor in 1.84 ms, found 4 plugins.
Preloading 0 native plugins for Editor in 0.00 ms.
Unloading 5498 Unused Serialized files (Serialized files now loaded: 0)
System memory in use before: 231.0 MB.
System memory in use after: 231.5 MB.

Unloading 23 unused Assets to reduce memory usage. Loaded Objects now: 6139.
Total: 8.747100 ms (FindLiveObjects: 0.791500 ms CreateObjectMapping: 0.542500 ms MarkObjects: 7.370600 ms  DeleteObjects: 0.041100 ms)

AssetImportParameters requested are different than current active one (requested -> active):
  custom:framework-win-MediaFoundation: 216162199b28c13a410421893ffa2e32 -> 
  custom:video-decoder-ogg-theora: a1e56fd34408186e4bbccfd4996cb3dc -> 
  custom:container-muxer-webm: aa71ff27fc2769a1b78a27578f13a17b -> 
  custom:container-demuxer-webm: 4f35f7cbe854078d1ac9338744f61a02 -> 
  custom:container-demuxer-ogg: 62fdf1f143b41e24485cea50d1cbac27 -> 
  custom:video-encoder-webm-vp8: eb34c28f22e8b96e1ab97ce403110664 -> 
  custom:video-codec-MediaFoundation-h265: 746d11721c4dcdbdad8f713fa42b33f4 -> 
  custom:video-decoder-webm-vp8: 9c59270c3fd7afecdb556c50c9e8de78 -> 
  custom:graphics/normal-map-encoding: 01000000000000000000000000000000 -> 02000000000000000000000000000000
  custom:audio-decoder-ogg-vorbis: bf7c407c2cedff20999df2af8eb42d56 -> 
  custom:audio-encoder-webm-vorbis: bf7c407c2cedff20999df2af8eb42d56 -> 
========================================================================
Received Prepare
Registering precompiled user dll's ...
Registered in 0.014160 seconds.
Begin MonoManager ReloadAssembly
Native extension for WindowsStandalone target not found
Refreshing native plugins compatible for Editor in 1.14 ms, found 4 plugins.
Preloading 0 native plugins for Editor in 0.00 ms.
Mono: successfully reloaded assembly
- Completed reload, in  2.441 seconds
Domain Reload Profiling:
	ReloadAssembly (2441ms)
		BeginReloadAssembly (157ms)
			ExecutionOrderSort (0ms)
			DisableScriptedObjects (5ms)
			BackupInstance (0ms)
			ReleaseScriptingObjects (0ms)
			CreateAndSetChildDomain (52ms)
		EndReloadAssembly (2204ms)
			LoadAssemblies (163ms)
			RebuildTransferFunctionScriptingTraits (0ms)
			SetupTypeCache (939ms)
			ReleaseScriptCaches (2ms)
			RebuildScriptCaches (100ms)
			SetupLoadedEditorAssemblies (781ms)
				LogAssemblyErrors (0ms)
				InitializePlatformSupportModulesInManaged (5ms)
				SetLoadedEditorAssemblies (0ms)
				RefreshPlugins (1ms)
				BeforeProcessingInitializeOnLoad (180ms)
				ProcessInitializeOnLoadAttributes (571ms)
				ProcessInitializeOnLoadMethodAttributes (7ms)
				AfterProcessingInitializeOnLoad (15ms)
				EditorAssembliesLoaded (0ms)
			ExecutionOrderSort2 (0ms)
			AwakeInstancesAfterBackupRestoration (29ms)
Platform modules already initialized, skipping
Switching build target platform(19) subTarget(0) extendedPlatform(0) -> platform(13) subTarget(537395200) extendedPlatform(0)
Refreshing native plugins compatible for Editor in 1.32 ms, found 4 plugins.
Preloading 0 native plugins for Editor in 0.00 ms.
Unloading 5498 Unused Serialized files (Serialized files now loaded: 0)
System memory in use before: 231.0 MB.
System memory in use after: 231.5 MB.

Unloading 23 unused Assets to reduce memory usage. Loaded Objects now: 6143.
Total: 4.978800 ms (FindLiveObjects: 0.535300 ms CreateObjectMapping: 0.640400 ms MarkObjects: 3.774800 ms  DeleteObjects: 0.026900 ms)

AssetImportParameters requested are different than current active one (requested -> active):
  custom:framework-win-MediaFoundation: 216162199b28c13a410421893ffa2e32 -> 
  custom:video-decoder-ogg-theora: a1e56fd34408186e4bbccfd4996cb3dc -> 
  custom:container-muxer-webm: aa71ff27fc2769a1b78a27578f13a17b -> 
  custom:container-demuxer-webm: 4f35f7cbe854078d1ac9338744f61a02 -> 
  custom:container-demuxer-ogg: 62fdf1f143b41e24485cea50d1cbac27 -> 
  custom:video-encoder-webm-vp8: eb34c28f22e8b96e1ab97ce403110664 -> 
  custom:video-codec-MediaFoundation-h265: 746d11721c4dcdbdad8f713fa42b33f4 -> 
  custom:video-decoder-webm-vp8: 9c59270c3fd7afecdb556c50c9e8de78 -> 
  custom:graphics/normal-map-encoding: 01000000000000000000000000000000 -> 02000000000000000000000000000000
  custom:audio-decoder-ogg-vorbis: bf7c407c2cedff20999df2af8eb42d56 -> 
  custom:audio-encoder-webm-vorbis: bf7c407c2cedff20999df2af8eb42d56 -> 
========================================================================
Received Prepare
Registering precompiled user dll's ...
Registered in 0.018726 seconds.
Begin MonoManager ReloadAssembly
Native extension for WindowsStandalone target not found
Refreshing native plugins compatible for Editor in 1.16 ms, found 4 plugins.
Preloading 0 native plugins for Editor in 0.00 ms.
Mono: successfully reloaded assembly
- Completed reload, in  2.802 seconds
Domain Reload Profiling:
	ReloadAssembly (2803ms)
		BeginReloadAssembly (169ms)
			ExecutionOrderSort (0ms)
			DisableScriptedObjects (6ms)
			BackupInstance (0ms)
			ReleaseScriptingObjects (0ms)
			CreateAndSetChildDomain (54ms)
		EndReloadAssembly (2549ms)
			LoadAssemblies (181ms)
			RebuildTransferFunctionScriptingTraits (0ms)
			SetupTypeCache (630ms)
			ReleaseScriptCaches (14ms)
			RebuildScriptCaches (535ms)
			SetupLoadedEditorAssemblies (822ms)
				LogAssemblyErrors (0ms)
				InitializePlatformSupportModulesInManaged (5ms)
				SetLoadedEditorAssemblies (1ms)
				RefreshPlugins (1ms)
				BeforeProcessingInitializeOnLoad (183ms)
				ProcessInitializeOnLoadAttributes (613ms)
				ProcessInitializeOnLoadMethodAttributes (6ms)
				AfterProcessingInitializeOnLoad (12ms)
				EditorAssembliesLoaded (0ms)
			ExecutionOrderSort2 (0ms)
			AwakeInstancesAfterBackupRestoration (23ms)
Platform modules already initialized, skipping
Switching build target platform(19) subTarget(0) extendedPlatform(0) -> platform(13) subTarget(537395200) extendedPlatform(0)
Refreshing native plugins compatible for Editor in 1.74 ms, found 4 plugins.
Preloading 0 native plugins for Editor in 0.00 ms.
Unloading 5498 Unused Serialized files (Serialized files now loaded: 0)
System memory in use before: 231.0 MB.
System memory in use after: 231.5 MB.

Unloading 23 unused Assets to reduce memory usage. Loaded Objects now: 6147.
Total: 4.205300 ms (FindLiveObjects: 0.548400 ms CreateObjectMapping: 0.388000 ms MarkObjects: 3.244700 ms  DeleteObjects: 0.023200 ms)

AssetImportParameters requested are different than current active one (requested -> active):
  custom:framework-win-MediaFoundation: 216162199b28c13a410421893ffa2e32 -> 
  custom:video-decoder-ogg-theora: a1e56fd34408186e4bbccfd4996cb3dc -> 
  custom:container-muxer-webm: aa71ff27fc2769a1b78a27578f13a17b -> 
  custom:container-demuxer-webm: 4f35f7cbe854078d1ac9338744f61a02 -> 
  custom:container-demuxer-ogg: 62fdf1f143b41e24485cea50d1cbac27 -> 
  custom:video-encoder-webm-vp8: eb34c28f22e8b96e1ab97ce403110664 -> 
  custom:video-codec-MediaFoundation-h265: 746d11721c4dcdbdad8f713fa42b33f4 -> 
  custom:video-decoder-webm-vp8: 9c59270c3fd7afecdb556c50c9e8de78 -> 
  custom:graphics/normal-map-encoding: 01000000000000000000000000000000 -> 02000000000000000000000000000000
  custom:audio-decoder-ogg-vorbis: bf7c407c2cedff20999df2af8eb42d56 -> 
  custom:audio-encoder-webm-vorbis: bf7c407c2cedff20999df2af8eb42d56 -> 
========================================================================
Received Import Request.
  Time since last request: 1749.253746 seconds.
  path: Assets/Prefabs/GameManager/GameManager 1.prefab
  artifactKey: Guid(94b4fa01beb6d0b4ba1c574b389bf139) Importer(815301076,1909f56bfc062723c751e8b465ee728b)
Start importing Assets/Prefabs/GameManager/GameManager 1.prefab using Guid(94b4fa01beb6d0b4ba1c574b389bf139) Importer(815301076,1909f56bfc062723c751e8b465ee728b) InitializeAttributes
UnityEngine.StackTraceUtility:ExtractStackTrace ()
UnityEngine.DebugLogHandler:LogFormat (UnityEngine.LogType,UnityEngine.Object,string,object[])
UnityEngine.Logger:Log (UnityEngine.LogType,object)
UnityEngine.Debug:Log (object)
StatsObject:InitializeAttributes () (at Assets/StatsSystem/ScriptableObjects/StatsObject.cs:289)
StatsObject:OnEnable () (at Assets/StatsSystem/ScriptableObjects/StatsObject.cs:183)

(Filename: Assets/StatsSystem/ScriptableObjects/StatsObject.cs Line: 289)

 -> (artifact id: 'd7e1c361dbdf6f962fad0e0944861daa') in 0.249254 seconds 
  Import took 0.268475 seconds .

========================================================================
Received Import Request.
  Time since last request: 12.498203 seconds.
  path: Assets/Prefabs/GameManager/GameManager.prefab
  artifactKey: Guid(94b4fa01beb6d0b4ba1c574b389bf139) Importer(815301076,1909f56bfc062723c751e8b465ee728b)
Start importing Assets/Prefabs/GameManager/GameManager.prefab using Guid(94b4fa01beb6d0b4ba1c574b389bf139) Importer(815301076,1909f56bfc062723c751e8b465ee728b) InitializeAttributes
UnityEngine.StackTraceUtility:ExtractStackTrace ()
UnityEngine.DebugLogHandler:LogFormat (UnityEngine.LogType,UnityEngine.Object,string,object[])
UnityEngine.Logger:Log (UnityEngine.LogType,object)
UnityEngine.Debug:Log (object)
StatsObject:InitializeAttributes () (at Assets/StatsSystem/ScriptableObjects/StatsObject.cs:289)
StatsObject:OnEnable () (at Assets/StatsSystem/ScriptableObjects/StatsObject.cs:183)

(Filename: Assets/StatsSystem/ScriptableObjects/StatsObject.cs Line: 289)

 -> (artifact id: '32abea3d2885d6d231159e3eefe638a2') in 0.091812 seconds 
  Import took 0.106591 seconds .

========================================================================
Received Import Request.
  Time since last request: 12.474811 seconds.
  path: Assets/Prefabs/BattleUI
  artifactKey: Guid(33516c28b00bd144db7c5c774b5610e5) Importer(815301076,1909f56bfc062723c751e8b465ee728b)
Start importing Assets/Prefabs/BattleUI using Guid(33516c28b00bd144db7c5c774b5610e5) Importer(815301076,1909f56bfc062723c751e8b465ee728b)  -> (artifact id: '904eb80a846a0472a9ad55c4ad2643b8') in 0.010112 seconds 
  Import took 0.031224 seconds .

========================================================================
Received Import Request.
  Time since last request: 6.872858 seconds.
  path: Assets/Prefabs/BattleUI/InGameUI 1.prefab
  artifactKey: Guid(8ed3527dd1aa36d45b1e9ca4d3299239) Importer(815301076,1909f56bfc062723c751e8b465ee728b)
Start importing Assets/Prefabs/BattleUI/InGameUI 1.prefab using Guid(8ed3527dd1aa36d45b1e9ca4d3299239) Importer(815301076,1909f56bfc062723c751e8b465ee728b) InitializeAttributes
UnityEngine.StackTraceUtility:ExtractStackTrace ()
UnityEngine.DebugLogHandler:LogFormat (UnityEngine.LogType,UnityEngine.Object,string,object[])
UnityEngine.Logger:Log (UnityEngine.LogType,object)
UnityEngine.Debug:Log (object)
StatsObject:InitializeAttributes () (at Assets/StatsSystem/ScriptableObjects/StatsObject.cs:289)
StatsObject:OnEnable () (at Assets/StatsSystem/ScriptableObjects/StatsObject.cs:183)

(Filename: Assets/StatsSystem/ScriptableObjects/StatsObject.cs Line: 289)

 -> (artifact id: 'f4b9bc30e9d453cf2426ea0f4f414166') in 0.146131 seconds 
  Import took 0.160934 seconds .

========================================================================
Received Import Request.
  Time since last request: 19.092752 seconds.
  path: Assets/Prefabs/BattleUI/InGameUI.prefab
  artifactKey: Guid(8ed3527dd1aa36d45b1e9ca4d3299239) Importer(815301076,1909f56bfc062723c751e8b465ee728b)
Start importing Assets/Prefabs/BattleUI/InGameUI.prefab using Guid(8ed3527dd1aa36d45b1e9ca4d3299239) Importer(815301076,1909f56bfc062723c751e8b465ee728b) InitializeAttributes
UnityEngine.StackTraceUtility:ExtractStackTrace ()
UnityEngine.DebugLogHandler:LogFormat (UnityEngine.LogType,UnityEngine.Object,string,object[])
UnityEngine.Logger:Log (UnityEngine.LogType,object)
UnityEngine.Debug:Log (object)
StatsObject:InitializeAttributes () (at Assets/StatsSystem/ScriptableObjects/StatsObject.cs:289)
StatsObject:OnEnable () (at Assets/StatsSystem/ScriptableObjects/StatsObject.cs:183)

(Filename: Assets/StatsSystem/ScriptableObjects/StatsObject.cs Line: 289)

 -> (artifact id: '03c641d80a997b577e764dae9aa7cbb1') in 0.106030 seconds 
  Import took 0.121381 seconds .

========================================================================
Received Import Request.
  Time since last request: 10.724747 seconds.
  path: Assets/Prefabs/Camera
  artifactKey: Guid(7af33b95806126249b0f6e749e53f313) Importer(815301076,1909f56bfc062723c751e8b465ee728b)
Start importing Assets/Prefabs/Camera using Guid(7af33b95806126249b0f6e749e53f313) Importer(815301076,1909f56bfc062723c751e8b465ee728b)  -> (artifact id: '6ebe81f0625aacf155195b3a6a465c0b') in 0.012697 seconds 
  Import took 0.031365 seconds .

========================================================================
Received Import Request.
  Time since last request: 0.015139 seconds.
  path: Assets/Prefabs/Camera/CameraRig 1.prefab
  artifactKey: Guid(89ea3f0ba1376c84b88622d760e59753) Importer(815301076,1909f56bfc062723c751e8b465ee728b)
Start importing Assets/Prefabs/Camera/CameraRig 1.prefab using Guid(89ea3f0ba1376c84b88622d760e59753) Importer(815301076,1909f56bfc062723c751e8b465ee728b)  -> (artifact id: 'b9b5cebd6b7ad026922717211685d6ae') in 0.018497 seconds 
  Import took 0.032786 seconds .

========================================================================
Received Import Request.
  Time since last request: 0.000248 seconds.
  path: Assets/Prefabs/Camera/SpringArm.prefab
  artifactKey: Guid(d156b914596d0ae43ba2c7656cef2c47) Importer(815301076,1909f56bfc062723c751e8b465ee728b)
Start importing Assets/Prefabs/Camera/SpringArm.prefab using Guid(d156b914596d0ae43ba2c7656cef2c47) Importer(815301076,1909f56bfc062723c751e8b465ee728b)  -> (artifact id: '4563672612ad26527ab085ad501960b6') in 0.014359 seconds 
  Import took 0.028261 seconds .

========================================================================
Received Import Request.
  Time since last request: 0.000289 seconds.
  path: Assets/Prefabs/Camera/CameraRig.prefab
  artifactKey: Guid(80844b2319340044da27db99208a9eac) Importer(815301076,1909f56bfc062723c751e8b465ee728b)
Start importing Assets/Prefabs/Camera/CameraRig.prefab using Guid(80844b2319340044da27db99208a9eac) Importer(815301076,1909f56bfc062723c751e8b465ee728b)  -> (artifact id: '2fd11b5abc52fa0a91110bf4dc261235') in 0.015662 seconds 
  Import took 0.032124 seconds .

========================================================================
Received Import Request.
  Time since last request: 20.933813 seconds.
  path: Assets/Prefabs/Camera/CameraRig 2.prefab
  artifactKey: Guid(4378b89d1fd31124b8ceaff0d38e2877) Importer(815301076,1909f56bfc062723c751e8b465ee728b)
Start importing Assets/Prefabs/Camera/CameraRig 2.prefab using Guid(4378b89d1fd31124b8ceaff0d38e2877) Importer(815301076,1909f56bfc062723c751e8b465ee728b)  -> (artifact id: 'd9e126cae6a4df377934f2a11fdf636e') in 0.028651 seconds 
  Import took 0.040940 seconds .

========================================================================
Received Import Request.
  Time since last request: 0.006483 seconds.
  path: Assets/Prefabs/Camera/CameraRig 2.prefab
  artifactKey: Guid(4378b89d1fd31124b8ceaff0d38e2877) Importer(815301076,1909f56bfc062723c751e8b465ee728b)
Start importing Assets/Prefabs/Camera/CameraRig 2.prefab using Guid(4378b89d1fd31124b8ceaff0d38e2877) Importer(815301076,1909f56bfc062723c751e8b465ee728b)  -> (artifact id: 'd9e126cae6a4df377934f2a11fdf636e') in 0.013580 seconds 
  Import took 0.027144 seconds .

========================================================================
Received Import Request.
  Time since last request: 18.556533 seconds.
  path: Assets/Prefabs/Camera/CameraRig.prefab
  artifactKey: Guid(4378b89d1fd31124b8ceaff0d38e2877) Importer(815301076,1909f56bfc062723c751e8b465ee728b)
Start importing Assets/Prefabs/Camera/CameraRig.prefab using Guid(4378b89d1fd31124b8ceaff0d38e2877) Importer(815301076,1909f56bfc062723c751e8b465ee728b)  -> (artifact id: '4de092adc60da0a59685add819c9f99d') in 0.017554 seconds 
  Import took 0.034849 seconds .

========================================================================
Received Import Request.
  Time since last request: 12.002816 seconds.
  path: Assets/Prefabs/player/PlayerCharacter.prefab
  artifactKey: Guid(8d8048378ccdf08419dbaaa33ec47470) Importer(815301076,1909f56bfc062723c751e8b465ee728b)
Start importing Assets/Prefabs/player/PlayerCharacter.prefab using Guid(8d8048378ccdf08419dbaaa33ec47470) Importer(815301076,1909f56bfc062723c751e8b465ee728b) InitializeAttributes
UnityEngine.StackTraceUtility:ExtractStackTrace ()
UnityEngine.DebugLogHandler:LogFormat (UnityEngine.LogType,UnityEngine.Object,string,object[])
UnityEngine.Logger:Log (UnityEngine.LogType,object)
UnityEngine.Debug:Log (object)
StatsObject:InitializeAttributes () (at Assets/StatsSystem/ScriptableObjects/StatsObject.cs:289)
StatsObject:OnEnable () (at Assets/StatsSystem/ScriptableObjects/StatsObject.cs:183)

(Filename: Assets/StatsSystem/ScriptableObjects/StatsObject.cs Line: 289)

 -> (artifact id: '7478989dbd3a3011cce36958b8270f92') in 0.091671 seconds 
  Import took 0.104765 seconds .

========================================================================
Received Import Request.
  Time since last request: 0.000361 seconds.
  path: Assets/Prefabs/player/PlayerCharacter_backup.prefab
  artifactKey: Guid(af2a9026fa59fc74ea41725db61afe11) Importer(815301076,1909f56bfc062723c751e8b465ee728b)
Start importing Assets/Prefabs/player/PlayerCharacter_backup.prefab using Guid(af2a9026fa59fc74ea41725db61afe11) Importer(815301076,1909f56bfc062723c751e8b465ee728b) InitializeAttributes
UnityEngine.StackTraceUtility:ExtractStackTrace ()
UnityEngine.DebugLogHandler:LogFormat (UnityEngine.LogType,UnityEngine.Object,string,object[])
UnityEngine.Logger:Log (UnityEngine.LogType,object)
UnityEngine.Debug:Log (object)
StatsObject:InitializeAttributes () (at Assets/StatsSystem/ScriptableObjects/StatsObject.cs:289)
StatsObject:OnEnable () (at Assets/StatsSystem/ScriptableObjects/StatsObject.cs:183)

(Filename: Assets/StatsSystem/ScriptableObjects/StatsObject.cs Line: 289)

 -> (artifact id: '3b1ea7d77e7e01a6a22ecdcc9e9e417e') in 0.082249 seconds 
  Import took 0.096606 seconds .

========================================================================
Received Import Request.
  Time since last request: 0.000301 seconds.
  path: Assets/Prefabs/player/PlayerCharacter_backUP2.prefab
  artifactKey: Guid(047467e9aa258fa4292985160325f5cc) Importer(815301076,1909f56bfc062723c751e8b465ee728b)
Start importing Assets/Prefabs/player/PlayerCharacter_backUP2.prefab using Guid(047467e9aa258fa4292985160325f5cc) Importer(815301076,1909f56bfc062723c751e8b465ee728b) InitializeAttributes
UnityEngine.StackTraceUtility:ExtractStackTrace ()
UnityEngine.DebugLogHandler:LogFormat (UnityEngine.LogType,UnityEngine.Object,string,object[])
UnityEngine.Logger:Log (UnityEngine.LogType,object)
UnityEngine.Debug:Log (object)
StatsObject:InitializeAttributes () (at Assets/StatsSystem/ScriptableObjects/StatsObject.cs:289)
StatsObject:OnEnable () (at Assets/StatsSystem/ScriptableObjects/StatsObject.cs:183)

(Filename: Assets/StatsSystem/ScriptableObjects/StatsObject.cs Line: 289)

 -> (artifact id: 'a48a9586656f9324b27bd63ef605c297') in 0.084966 seconds 
  Import took 0.100392 seconds .

========================================================================
Received Import Request.
  Time since last request: 19.026246 seconds.
  path: Assets/Prefabs/player/PlayerCharacter 1.prefab
  artifactKey: Guid(3e53b26e24498a14b88b9583a861fd6b) Importer(815301076,1909f56bfc062723c751e8b465ee728b)
Start importing Assets/Prefabs/player/PlayerCharacter 1.prefab using Guid(3e53b26e24498a14b88b9583a861fd6b) Importer(815301076,1909f56bfc062723c751e8b465ee728b) InitializeAttributes
UnityEngine.StackTraceUtility:ExtractStackTrace ()
UnityEngine.DebugLogHandler:LogFormat (UnityEngine.LogType,UnityEngine.Object,string,object[])
UnityEngine.Logger:Log (UnityEngine.LogType,object)
UnityEngine.Debug:Log (object)
StatsObject:InitializeAttributes () (at Assets/StatsSystem/ScriptableObjects/StatsObject.cs:289)
StatsObject:OnEnable () (at Assets/StatsSystem/ScriptableObjects/StatsObject.cs:183)

(Filename: Assets/StatsSystem/ScriptableObjects/StatsObject.cs Line: 289)

 -> (artifact id: '74b8b4ed363a9f63d0c550d06461afef') in 0.098231 seconds 
  Import took 0.121536 seconds .

========================================================================
Received Import Request.
  Time since last request: 7.841815 seconds.
  path: Assets/Prefabs/player/PlayerCharacter 2.prefab
  artifactKey: Guid(211db45120158ca46ba7ee9d7b944e09) Importer(815301076,1909f56bfc062723c751e8b465ee728b)
Start importing Assets/Prefabs/player/PlayerCharacter 2.prefab using Guid(211db45120158ca46ba7ee9d7b944e09) Importer(815301076,1909f56bfc062723c751e8b465ee728b) InitializeAttributes
UnityEngine.StackTraceUtility:ExtractStackTrace ()
UnityEngine.DebugLogHandler:LogFormat (UnityEngine.LogType,UnityEngine.Object,string,object[])
UnityEngine.Logger:Log (UnityEngine.LogType,object)
UnityEngine.Debug:Log (object)
StatsObject:InitializeAttributes () (at Assets/StatsSystem/ScriptableObjects/StatsObject.cs:289)
StatsObject:OnEnable () (at Assets/StatsSystem/ScriptableObjects/StatsObject.cs:183)

(Filename: Assets/StatsSystem/ScriptableObjects/StatsObject.cs Line: 289)

 -> (artifact id: '7535b67d637547274ee96e7b15a2f0d6') in 0.099459 seconds 
  Import took 0.120047 seconds .

========================================================================
Received Import Request.
  Time since last request: 10.305484 seconds.
  path: Assets/Prefabs/player/PlayerCharacter.prefab
  artifactKey: Guid(211db45120158ca46ba7ee9d7b944e09) Importer(815301076,1909f56bfc062723c751e8b465ee728b)
Start importing Assets/Prefabs/player/PlayerCharacter.prefab using Guid(211db45120158ca46ba7ee9d7b944e09) Importer(815301076,1909f56bfc062723c751e8b465ee728b) InitializeAttributes
UnityEngine.StackTraceUtility:ExtractStackTrace ()
UnityEngine.DebugLogHandler:LogFormat (UnityEngine.LogType,UnityEngine.Object,string,object[])
UnityEngine.Logger:Log (UnityEngine.LogType,object)
UnityEngine.Debug:Log (object)
StatsObject:InitializeAttributes () (at Assets/StatsSystem/ScriptableObjects/StatsObject.cs:289)
StatsObject:OnEnable () (at Assets/StatsSystem/ScriptableObjects/StatsObject.cs:183)

(Filename: Assets/StatsSystem/ScriptableObjects/StatsObject.cs Line: 289)

 -> (artifact id: '4d18c87c831ba8f86f5fcf1bf6e7378c') in 0.086551 seconds 
  Import took 0.106462 seconds .

========================================================================
Received Import Request.
  Time since last request: 26.634944 seconds.
  path: Assets/Scenes/RPG/Village.unity
  artifactKey: Guid(72c1a7e03b7575c4e9d481d28b4426f7) Importer(815301076,1909f56bfc062723c751e8b465ee728b)
Start importing Assets/Scenes/RPG/Village.unity using Guid(72c1a7e03b7575c4e9d481d28b4426f7) Importer(815301076,1909f56bfc062723c751e8b465ee728b)  -> (artifact id: 'c3a08687899156b91c83c63dc9a15689') in 0.005371 seconds 
  Import took 0.026597 seconds .

========================================================================
Received Import Request.
  Time since last request: 40.803255 seconds.
  path: Assets/Prefabs
  artifactKey: Guid(a0b9a374a100ecb489849a5cdfe238a9) Importer(815301076,1909f56bfc062723c751e8b465ee728b)
Start importing Assets/Prefabs using Guid(a0b9a374a100ecb489849a5cdfe238a9) Importer(815301076,1909f56bfc062723c751e8b465ee728b)  -> (artifact id: '3c28ff4c6378f65aa28b20c48068b8b2') in 0.014131 seconds 
  Import took 0.026076 seconds .

========================================================================
Received Import Request.
  Time since last request: 7.134311 seconds.
  path: Assets/Prefabs/NPC
  artifactKey: Guid(81de8a58b25ec9c45bc58b9fab4b559b) Importer(815301076,1909f56bfc062723c751e8b465ee728b)
Start importing Assets/Prefabs/NPC using Guid(81de8a58b25ec9c45bc58b9fab4b559b) Importer(815301076,1909f56bfc062723c751e8b465ee728b)  -> (artifact id: 'bfeda160e422a00aea44c1d249e6546f') in 0.011829 seconds 
  Import took 0.032294 seconds .

========================================================================
Received Import Request.
  Time since last request: 4.477009 seconds.
  path: Assets/Prefabs/NPC/NPC-ItemShop.prefab
  artifactKey: Guid(149b284bafe0c164884e97cc83e14072) Importer(815301076,1909f56bfc062723c751e8b465ee728b)
Start importing Assets/Prefabs/NPC/NPC-ItemShop.prefab using Guid(149b284bafe0c164884e97cc83e14072) Importer(815301076,1909f56bfc062723c751e8b465ee728b)  -> (artifact id: '7639b2b9101ef6130b7c8f63093eb42a') in 0.296331 seconds 
  Import took 0.308827 seconds .

========================================================================
Received Import Request.
  Time since last request: 2.355224 seconds.
  path: Assets/Prefabs/NPC/NPC-Quest01.prefab
  artifactKey: Guid(812e5397c59930946b72d2fe43b8cc36) Importer(815301076,1909f56bfc062723c751e8b465ee728b)
Start importing Assets/Prefabs/NPC/NPC-Quest01.prefab using Guid(812e5397c59930946b72d2fe43b8cc36) Importer(815301076,1909f56bfc062723c751e8b465ee728b)  -> (artifact id: '96612b1dd77183558b2271a2a4fe9e4a') in 0.058422 seconds 
  Import took 0.072862 seconds .

========================================================================
Received Import Request.
  Time since last request: 0.004056 seconds.
  path: Assets/Prefabs/NPC/NPC-Quest01.prefab
  artifactKey: Guid(812e5397c59930946b72d2fe43b8cc36) Importer(815301076,1909f56bfc062723c751e8b465ee728b)
Start importing Assets/Prefabs/NPC/NPC-Quest01.prefab using Guid(812e5397c59930946b72d2fe43b8cc36) Importer(815301076,1909f56bfc062723c751e8b465ee728b)  -> (artifact id: '96612b1dd77183558b2271a2a4fe9e4a') in 0.041349 seconds 
  Import took 0.056754 seconds .

========================================================================
Received Import Request.
  Time since last request: 2.896212 seconds.
  path: Assets/Prefabs/NPC/NPC-Quest02.prefab
  artifactKey: Guid(7480b64a321d4bb4bb9417a57ef60f4c) Importer(815301076,1909f56bfc062723c751e8b465ee728b)
Start importing Assets/Prefabs/NPC/NPC-Quest02.prefab using Guid(7480b64a321d4bb4bb9417a57ef60f4c) Importer(815301076,1909f56bfc062723c751e8b465ee728b)  -> (artifact id: '6ce0becbdcb5c4949da058f36fa4ea75') in 0.044263 seconds 
  Import took 0.060329 seconds .

========================================================================
Received Import Request.
  Time since last request: 0.001708 seconds.
  path: Assets/Prefabs/NPC/NPC-Quest02.prefab
  artifactKey: Guid(7480b64a321d4bb4bb9417a57ef60f4c) Importer(815301076,1909f56bfc062723c751e8b465ee728b)
Start importing Assets/Prefabs/NPC/NPC-Quest02.prefab using Guid(7480b64a321d4bb4bb9417a57ef60f4c) Importer(815301076,1909f56bfc062723c751e8b465ee728b)  -> (artifact id: '6ce0becbdcb5c4949da058f36fa4ea75') in 0.038833 seconds 
  Import took 0.058168 seconds .

========================================================================
Received Import Request.
  Time since last request: 109.107054 seconds.
  path: Assets/Materials/Extra/Ground_MAT.mat
  artifactKey: Guid(42bd43a1458818d4999ff8fe0eac68b1) Importer(815301076,1909f56bfc062723c751e8b465ee728b)
Start importing Assets/Materials/Extra/Ground_MAT.mat using Guid(42bd43a1458818d4999ff8fe0eac68b1) Importer(815301076,1909f56bfc062723c751e8b465ee728b)  -> (artifact id: '64c71e92a498c8c31944ca8578c28925') in 0.075784 seconds 
  Import took 0.094035 seconds .

========================================================================
Received Import Request.
  Time since last request: 0.847607 seconds.
  path: Assets/Materials/Prototype Grid/Prototype_512x512_Blue1.mat
  artifactKey: Guid(663834164c6a04740aaa1b778249ce7e) Importer(815301076,1909f56bfc062723c751e8b465ee728b)
Start importing Assets/Materials/Prototype Grid/Prototype_512x512_Blue1.mat using Guid(663834164c6a04740aaa1b778249ce7e) Importer(815301076,1909f56bfc062723c751e8b465ee728b)  -> (artifact id: '8c7f6893eb008a3a927dcd9e3c9bb8f1') in 0.562696 seconds 
  Import took 0.574830 seconds .

========================================================================
Received Import Request.
  Time since last request: 0.000337 seconds.
  path: Assets/Materials/Prototype Grid/Prototype_512x512_Red.mat
  artifactKey: Guid(5a26de236ce89e94b963be8fa2b7ade6) Importer(815301076,1909f56bfc062723c751e8b465ee728b)
Start importing Assets/Materials/Prototype Grid/Prototype_512x512_Red.mat using Guid(5a26de236ce89e94b963be8fa2b7ade6) Importer(815301076,1909f56bfc062723c751e8b465ee728b)  -> (artifact id: 'bf000b3bb24935e00b10ba17b58b4379') in 0.043788 seconds 
  Import took 0.054477 seconds .

========================================================================
Received Import Request.
  Time since last request: 0.000307 seconds.
  path: Assets/Materials/Prototype Grid/Prototype_512x512_White.mat
  artifactKey: Guid(aeee7071bea0a4c478b4fea5933c5f79) Importer(815301076,1909f56bfc062723c751e8b465ee728b)
Start importing Assets/Materials/Prototype Grid/Prototype_512x512_White.mat using Guid(aeee7071bea0a4c478b4fea5933c5f79) Importer(815301076,1909f56bfc062723c751e8b465ee728b)  -> (artifact id: '1e1b0642da1352ff130ee60af13ba5b7') in 0.052723 seconds 
  Import took 0.064188 seconds .

========================================================================
Received Import Request.
  Time since last request: 0.000236 seconds.
  path: Assets/Materials/Prototype Grid/Prototype_512x512_Grey3.mat
  artifactKey: Guid(17c44fb3e5be9644586a0728a5f5a386) Importer(815301076,1909f56bfc062723c751e8b465ee728b)
Start importing Assets/Materials/Prototype Grid/Prototype_512x512_Grey3.mat using Guid(17c44fb3e5be9644586a0728a5f5a386) Importer(815301076,1909f56bfc062723c751e8b465ee728b)  -> (artifact id: '6afe731f89c74e1a17a5e1a36a7877d0') in 0.043098 seconds 
  Import took 0.054230 seconds .

========================================================================
Received Import Request.
  Time since last request: 0.000365 seconds.
  path: Assets/Materials/Prototype Grid/Prototype_512x512_Grey4.mat
  artifactKey: Guid(8d530ffe6c4968843806085897955b9d) Importer(815301076,1909f56bfc062723c751e8b465ee728b)
Start importing Assets/Materials/Prototype Grid/Prototype_512x512_Grey4.mat using Guid(8d530ffe6c4968843806085897955b9d) Importer(815301076,1909f56bfc062723c751e8b465ee728b)  -> (artifact id: '38b1148399b1c4a04d8f04bbe5ed4fc0') in 0.044064 seconds 
  Import took 0.054632 seconds .

========================================================================
Received Import Request.
  Time since last request: 0.000296 seconds.
  path: Assets/Materials/Prototype Grid/Prototype_512x512_Green1.mat
  artifactKey: Guid(79f64ed6f5d6d374d91c3a0af4070258) Importer(815301076,1909f56bfc062723c751e8b465ee728b)
Start importing Assets/Materials/Prototype Grid/Prototype_512x512_Green1.mat using Guid(79f64ed6f5d6d374d91c3a0af4070258) Importer(815301076,1909f56bfc062723c751e8b465ee728b)  -> (artifact id: 'a5ee2d1f34d25309f894e9d1a7c18d1e') in 0.039864 seconds 
  Import took 0.050958 seconds .

========================================================================
Received Import Request.
  Time since last request: 0.000271 seconds.
  path: Assets/Materials/Prototype Grid/Prototype_512x512_Blue3.mat
  artifactKey: Guid(b0b4de3bd6e976e4f8b3adc6e72377ed) Importer(815301076,1909f56bfc062723c751e8b465ee728b)
Start importing Assets/Materials/Prototype Grid/Prototype_512x512_Blue3.mat using Guid(b0b4de3bd6e976e4f8b3adc6e72377ed) Importer(815301076,1909f56bfc062723c751e8b465ee728b)  -> (artifact id: '64d472c459c4ead62f90bbf7f32c835b') in 0.041026 seconds 
  Import took 0.050693 seconds .

========================================================================
Received Import Request.
  Time since last request: 0.000265 seconds.
  path: Assets/Materials/Prototype Grid/Prototype_512x512_Orange.mat
  artifactKey: Guid(652107f36a28e44479c0b827dee5852a) Importer(815301076,1909f56bfc062723c751e8b465ee728b)
Start importing Assets/Materials/Prototype Grid/Prototype_512x512_Orange.mat using Guid(652107f36a28e44479c0b827dee5852a) Importer(815301076,1909f56bfc062723c751e8b465ee728b)  -> (artifact id: 'd887d2db0ad085a950f7151ab59a05a5') in 0.042878 seconds 
  Import took 0.052697 seconds .

========================================================================
Received Import Request.
  Time since last request: 0.000308 seconds.
  path: Assets/Materials/Prototype Grid/Prototype_512x512_Cyan.mat
  artifactKey: Guid(cba66c276aed0874091de1c33eb3950d) Importer(815301076,1909f56bfc062723c751e8b465ee728b)
Start importing Assets/Materials/Prototype Grid/Prototype_512x512_Cyan.mat using Guid(cba66c276aed0874091de1c33eb3950d) Importer(815301076,1909f56bfc062723c751e8b465ee728b)  -> (artifact id: '188eef483600e215d36a81d0072201b5') in 0.044757 seconds 
  Import took 0.057079 seconds .

========================================================================
Received Import Request.
  Time since last request: 0.000244 seconds.
  path: Assets/Materials/Prototype Grid/Prototype_512x512_Green2.mat
  artifactKey: Guid(dbe80190c9adea34c8c8845ca4a17934) Importer(815301076,1909f56bfc062723c751e8b465ee728b)
Start importing Assets/Materials/Prototype Grid/Prototype_512x512_Green2.mat using Guid(dbe80190c9adea34c8c8845ca4a17934) Importer(815301076,1909f56bfc062723c751e8b465ee728b)  -> (artifact id: 'bffb2115a0b6fbd899f124225c771691') in 0.034041 seconds 
  Import took 0.082122 seconds .

========================================================================
Received Import Request.
  Time since last request: 0.000278 seconds.
  path: Assets/Materials/Prototype Grid/Prototype_512x512_Grey1.mat
  artifactKey: Guid(c181c23a6120fbe4aadd5bb53a58dd78) Importer(815301076,1909f56bfc062723c751e8b465ee728b)
Start importing Assets/Materials/Prototype Grid/Prototype_512x512_Grey1.mat using Guid(c181c23a6120fbe4aadd5bb53a58dd78) Importer(815301076,1909f56bfc062723c751e8b465ee728b)  -> (artifact id: 'd446f4152656a86901c315a911cdb9ac') in 0.041646 seconds 
  Import took 0.053137 seconds .

========================================================================
Received Import Request.
  Time since last request: 0.000312 seconds.
  path: Assets/Materials/Prototype Grid/Prototype_512x512_Purple.mat
  artifactKey: Guid(36bce9ab6cae8ce43962938466458044) Importer(815301076,1909f56bfc062723c751e8b465ee728b)
Start importing Assets/Materials/Prototype Grid/Prototype_512x512_Purple.mat using Guid(36bce9ab6cae8ce43962938466458044) Importer(815301076,1909f56bfc062723c751e8b465ee728b)  -> (artifact id: 'faa65263a5484ebb50f0f1641e255f41') in 0.042207 seconds 
  Import took 0.054634 seconds .

========================================================================
Received Import Request.
  Time since last request: 0.000277 seconds.
  path: Assets/Materials/Prototype Grid/Prototype_512x512_Yellow.mat
  artifactKey: Guid(c852af001dae0064e9acaa832f1dadb7) Importer(815301076,1909f56bfc062723c751e8b465ee728b)
Start importing Assets/Materials/Prototype Grid/Prototype_512x512_Yellow.mat using Guid(c852af001dae0064e9acaa832f1dadb7) Importer(815301076,1909f56bfc062723c751e8b465ee728b)  -> (artifact id: '6f72ef5c20d98d201b5cdd5d53c746aa') in 0.041378 seconds 
  Import took 0.053229 seconds .

========================================================================
Received Import Request.
  Time since last request: 0.000460 seconds.
  path: Assets/Materials/Prototype Grid/Prototype_512x512_Grey2.mat
  artifactKey: Guid(07dc66ae04b7f6a43b9674bf0fefb33a) Importer(815301076,1909f56bfc062723c751e8b465ee728b)
Start importing Assets/Materials/Prototype Grid/Prototype_512x512_Grey2.mat using Guid(07dc66ae04b7f6a43b9674bf0fefb33a) Importer(815301076,1909f56bfc062723c751e8b465ee728b)  -> (artifact id: '617e3af14f8b80f9bcdda12cbac6bc4d') in 0.047976 seconds 
  Import took 0.059377 seconds .

========================================================================
Received Import Request.
  Time since last request: 0.000307 seconds.
  path: Assets/Materials/Prototype Grid/Prototype_512x512_Brown.mat
  artifactKey: Guid(a54b7ad866d3a9b47bbf3b53baa0acc4) Importer(815301076,1909f56bfc062723c751e8b465ee728b)
Start importing Assets/Materials/Prototype Grid/Prototype_512x512_Brown.mat using Guid(a54b7ad866d3a9b47bbf3b53baa0acc4) Importer(815301076,1909f56bfc062723c751e8b465ee728b)  -> (artifact id: 'efbb1840ae9af1cb9b3153800947780c') in 0.045110 seconds 
  Import took 0.054809 seconds .

========================================================================
Received Import Request.
  Time since last request: 0.000242 seconds.
  path: Assets/Materials/Prototype Grid/Prototype_512x512_Blue2.mat
  artifactKey: Guid(5e148de6cdf2d164aa3e3f90ce8c852c) Importer(815301076,1909f56bfc062723c751e8b465ee728b)
Start importing Assets/Materials/Prototype Grid/Prototype_512x512_Blue2.mat using Guid(5e148de6cdf2d164aa3e3f90ce8c852c) Importer(815301076,1909f56bfc062723c751e8b465ee728b)  -> (artifact id: 'cf6499d2b16e5a5556f901be824483d0') in 0.039790 seconds 
  Import took 0.050456 seconds .

========================================================================
Received Import Request.
  Time since last request: 0.674095 seconds.
  path: Assets/Materials/Skybox/Homogenous.mat
  artifactKey: Guid(69b7c4dc730691c4abb72e9a63ce23ff) Importer(815301076,1909f56bfc062723c751e8b465ee728b)
Start importing Assets/Materials/Skybox/Homogenous.mat using Guid(69b7c4dc730691c4abb72e9a63ce23ff) Importer(815301076,1909f56bfc062723c751e8b465ee728b)  -> (artifact id: '821f1b18355dd2e58534ef3fd386ad02') in 0.065962 seconds 
  Import took 0.077589 seconds .

========================================================================
Received Import Request.
  Time since last request: 0.000365 seconds.
  path: Assets/Materials/Skybox/Skybox Pink.mat
  artifactKey: Guid(e1466517f0324e543bdaa4af82c4cad0) Importer(815301076,1909f56bfc062723c751e8b465ee728b)
Start importing Assets/Materials/Skybox/Skybox Pink.mat using Guid(e1466517f0324e543bdaa4af82c4cad0) Importer(815301076,1909f56bfc062723c751e8b465ee728b)  -> (artifact id: 'bd418484aa2ce45ca5160d8b876b8d26') in 0.128858 seconds 
  Import took 0.139872 seconds .

========================================================================
Received Import Request.
  Time since last request: 0.000550 seconds.
  path: Assets/Materials/Skybox/Skybox Grey.mat
  artifactKey: Guid(32be28fd0faea1641aff7ddbf194bb6a) Importer(815301076,1909f56bfc062723c751e8b465ee728b)
Start importing Assets/Materials/Skybox/Skybox Grey.mat using Guid(32be28fd0faea1641aff7ddbf194bb6a) Importer(815301076,1909f56bfc062723c751e8b465ee728b)  -> (artifact id: 'eeb19c329c9133a0817110577d2e6ab7') in 0.038471 seconds 
  Import took 0.051008 seconds .

========================================================================
Received Import Request.
  Time since last request: 0.000300 seconds.
  path: Assets/Materials/Skybox/Skybox Night.mat
  artifactKey: Guid(e19adf50a9d4b374d99ba1eaa1497e60) Importer(815301076,1909f56bfc062723c751e8b465ee728b)
Start importing Assets/Materials/Skybox/Skybox Night.mat using Guid(e19adf50a9d4b374d99ba1eaa1497e60) Importer(815301076,1909f56bfc062723c751e8b465ee728b)  -> (artifact id: '835ee6f1303e50d30c1098096f21ce7a') in 0.034018 seconds 
  Import took 0.045523 seconds .

========================================================================
Received Import Request.
  Time since last request: 0.000276 seconds.
  path: Assets/Materials/Skybox/Skybox Green.mat
  artifactKey: Guid(3f8d5e4fd826ec04293f64a40946a188) Importer(815301076,1909f56bfc062723c751e8b465ee728b)
Start importing Assets/Materials/Skybox/Skybox Green.mat using Guid(3f8d5e4fd826ec04293f64a40946a188) Importer(815301076,1909f56bfc062723c751e8b465ee728b)  -> (artifact id: '3f7764a918f713ee40c874d2c117f85e') in 0.037512 seconds 
  Import took 0.049385 seconds .

========================================================================
Received Import Request.
  Time since last request: 0.000264 seconds.
  path: Assets/Materials/Skybox/Skybox Blue.mat
  artifactKey: Guid(d2f24bfdb0a758e41813bbc7ae4f978f) Importer(815301076,1909f56bfc062723c751e8b465ee728b)
Start importing Assets/Materials/Skybox/Skybox Blue.mat using Guid(d2f24bfdb0a758e41813bbc7ae4f978f) Importer(815301076,1909f56bfc062723c751e8b465ee728b)  -> (artifact id: '42db10fa6e888edba6304d258df0e0ec') in 0.036573 seconds 
  Import took 0.049470 seconds .

========================================================================
Received Import Request.
  Time since last request: 0.000266 seconds.
  path: Assets/Materials/Skybox/Skybox Golden.mat
  artifactKey: Guid(3dd17ef8b3eba264ea4b016ffd09e334) Importer(815301076,1909f56bfc062723c751e8b465ee728b)
Start importing Assets/Materials/Skybox/Skybox Golden.mat using Guid(3dd17ef8b3eba264ea4b016ffd09e334) Importer(815301076,1909f56bfc062723c751e8b465ee728b)  -> (artifact id: 'f5a9a6007a64969c14bf8616487568ef') in 0.032920 seconds 
  Import took 0.043328 seconds .

========================================================================
Received Import Request.
  Time since last request: 15.512711 seconds.
  path: Assets/Character/Polygonal Metalon/Materials/Polygonal Metalon Green.mat
  artifactKey: Guid(eb8fac8d0552e3f499a0eca1d3932a07) Importer(815301076,1909f56bfc062723c751e8b465ee728b)
Start importing Assets/Character/Polygonal Metalon/Materials/Polygonal Metalon Green.mat using Guid(eb8fac8d0552e3f499a0eca1d3932a07) Importer(815301076,1909f56bfc062723c751e8b465ee728b)  -> (artifact id: '1fd83539849c18daecbf3dd8562d3985') in 0.120686 seconds 
  Import took 0.132206 seconds .

========================================================================
Received Import Request.
  Time since last request: 0.000280 seconds.
  path: Assets/Character/Polygonal Metalon/Materials/Polygonal Metalon Purple.mat
  artifactKey: Guid(343efc4e4daa6884fb114514185426c9) Importer(815301076,1909f56bfc062723c751e8b465ee728b)
Start importing Assets/Character/Polygonal Metalon/Materials/Polygonal Metalon Purple.mat using Guid(343efc4e4daa6884fb114514185426c9) Importer(815301076,1909f56bfc062723c751e8b465ee728b)  -> (artifact id: '8ca3f8d0f88eb4dfd3a6459ab5748dde') in 0.099733 seconds 
  Import took 0.112858 seconds .

========================================================================
Received Import Request.
  Time since last request: 0.000305 seconds.
  path: Assets/Character/Polygonal Metalon/Materials/Polygonal Metalon Red.mat
  artifactKey: Guid(bcaad48fae9d78948944fe183b6e39fe) Importer(815301076,1909f56bfc062723c751e8b465ee728b)
Start importing Assets/Character/Polygonal Metalon/Materials/Polygonal Metalon Red.mat using Guid(bcaad48fae9d78948944fe183b6e39fe) Importer(815301076,1909f56bfc062723c751e8b465ee728b)  -> (artifact id: 'd011e204f035496bcd2e324575a5b5c0') in 0.100325 seconds 
  Import took 0.113357 seconds .

========================================================================
Received Import Request.
  Time since last request: 1.839803 seconds.
  path: Assets/Character/Polygonal Metalon/Prefabs/Polygonal Metalon Green.prefab
  artifactKey: Guid(7f931d4b5c97d194d8726ddf5acdd440) Importer(815301076,1909f56bfc062723c751e8b465ee728b)
Start importing Assets/Character/Polygonal Metalon/Prefabs/Polygonal Metalon Green.prefab using Guid(7f931d4b5c97d194d8726ddf5acdd440) Importer(815301076,1909f56bfc062723c751e8b465ee728b)  -> (artifact id: 'f61bcd159b15d7480e7a7927b969bbd3') in 0.239797 seconds 
  Import took 0.252369 seconds .

========================================================================
Received Import Request.
  Time since last request: 0.000369 seconds.
  path: Assets/Character/Polygonal Metalon/Prefabs/Polygonal Metalon Red.prefab
  artifactKey: Guid(f88c6ad57910d8648807bcf0c131f49d) Importer(815301076,1909f56bfc062723c751e8b465ee728b)
Start importing Assets/Character/Polygonal Metalon/Prefabs/Polygonal Metalon Red.prefab using Guid(f88c6ad57910d8648807bcf0c131f49d) Importer(815301076,1909f56bfc062723c751e8b465ee728b)  -> (artifact id: 'ef871e416efc443f7e62e9b563f4d873') in 0.123377 seconds 
  Import took 0.134895 seconds .

========================================================================
Received Import Request.
  Time since last request: 0.000417 seconds.
  path: Assets/Character/Polygonal Metalon/Prefabs/Polygonal Metalon Purple.prefab
  artifactKey: Guid(e9a03d46b76afe246a9ffd58d255bb65) Importer(815301076,1909f56bfc062723c751e8b465ee728b)
Start importing Assets/Character/Polygonal Metalon/Prefabs/Polygonal Metalon Purple.prefab using Guid(e9a03d46b76afe246a9ffd58d255bb65) Importer(815301076,1909f56bfc062723c751e8b465ee728b)  -> (artifact id: '7c4086075fe7c2f41be974a37b5629c3') in 0.139633 seconds 
  Import took 0.153700 seconds .

========================================================================
Received Import Request.
  Time since last request: 6.108815 seconds.
  path: Assets/Character/Ybot/ybot.fbx
  artifactKey: Guid(0bf6a4256f1c9bb4c9a881217464804e) Importer(815301076,1909f56bfc062723c751e8b465ee728b)
Start importing Assets/Character/Ybot/ybot.fbx using Guid(0bf6a4256f1c9bb4c9a881217464804e) Importer(815301076,1909f56bfc062723c751e8b465ee728b)  -> (artifact id: '79d28f6db7a5039ed0f0839e6e1930dd') in 0.208957 seconds 
  Import took 0.221704 seconds .

========================================================================
Received Import Request.
  Time since last request: 0.000365 seconds.
  path: Assets/Character/Ybot/ybot@Happy Idle.fbx
  artifactKey: Guid(4bb102759c643b74aa2589974d196b5f) Importer(815301076,1909f56bfc062723c751e8b465ee728b)
Start importing Assets/Character/Ybot/ybot@Happy Idle.fbx using Guid(4bb102759c643b74aa2589974d196b5f) Importer(815301076,1909f56bfc062723c751e8b465ee728b)  -> (artifact id: '2b420f79c8ddf98b7f3cc17a3e8199b3') in 0.096898 seconds 
  Import took 0.108191 seconds .

========================================================================
Received Import Request.
  Time since last request: 0.000252 seconds.
  path: Assets/Character/Ybot/ybot@Breathing Idle.fbx
  artifactKey: Guid(50131a9987688e546a3a7988b606c36a) Importer(815301076,1909f56bfc062723c751e8b465ee728b)
Start importing Assets/Character/Ybot/ybot@Breathing Idle.fbx using Guid(50131a9987688e546a3a7988b606c36a) Importer(815301076,1909f56bfc062723c751e8b465ee728b)  -> (artifact id: '2f94cfc14bc7883d8c8c717359c703f0') in 0.091041 seconds 
  Import took 0.101531 seconds .

========================================================================
Received Import Request.
  Time since last request: 0.000289 seconds.
  path: Assets/Character/Ybot/ybot@Walking.fbx
  artifactKey: Guid(3837add26fbc3624d927c83ef1535dcf) Importer(815301076,1909f56bfc062723c751e8b465ee728b)
Start importing Assets/Character/Ybot/ybot@Walking.fbx using Guid(3837add26fbc3624d927c83ef1535dcf) Importer(815301076,1909f56bfc062723c751e8b465ee728b)  -> (artifact id: 'b6307299cf133b317dbe8e4df535ecb9') in 0.090086 seconds 
  Import took 0.102720 seconds .

========================================================================
Received Import Request.
  Time since last request: 0.000225 seconds.
  path: Assets/Character/Ybot/ybot@Idle.fbx
  artifactKey: Guid(cdae6350c18cf5043b1bebd35900b942) Importer(815301076,1909f56bfc062723c751e8b465ee728b)
Start importing Assets/Character/Ybot/ybot@Idle.fbx using Guid(cdae6350c18cf5043b1bebd35900b942) Importer(815301076,1909f56bfc062723c751e8b465ee728b)  -> (artifact id: '15d522229d9b680616ba6a6903380885') in 0.096599 seconds 
  Import took 0.109598 seconds .

========================================================================
Received Import Request.
  Time since last request: 7.906433 seconds.
  path: Assets/Character/Guardian/Materials/m-Guardian-arm00.mat
  artifactKey: Guid(8e35c68fb57709e4b93814cda09a1478) Importer(815301076,1909f56bfc062723c751e8b465ee728b)
Start importing Assets/Character/Guardian/Materials/m-Guardian-arm00.mat using Guid(8e35c68fb57709e4b93814cda09a1478) Importer(815301076,1909f56bfc062723c751e8b465ee728b)  -> (artifact id: '5461757905967e22c435a7ebd4a5ba40') in 0.026395 seconds 
  Import took 0.039826 seconds .

========================================================================
Received Import Request.
  Time since last request: 0.000321 seconds.
  path: Assets/Character/Guardian/Materials/m-Guardian-lower00.mat
  artifactKey: Guid(c7795bf74f6f59d4bb5b113c750964de) Importer(815301076,1909f56bfc062723c751e8b465ee728b)
Start importing Assets/Character/Guardian/Materials/m-Guardian-lower00.mat using Guid(c7795bf74f6f59d4bb5b113c750964de) Importer(815301076,1909f56bfc062723c751e8b465ee728b)  -> (artifact id: '02526b299222f0d6235f5fa0d9d7ef16') in 0.042274 seconds 
  Import took 0.053609 seconds .

========================================================================
Received Import Request.
  Time since last request: 0.000350 seconds.
  path: Assets/Character/Guardian/Materials/m-Guardian-upper00.mat
  artifactKey: Guid(c24162805ceccdf45bd09461932e8c1e) Importer(815301076,1909f56bfc062723c751e8b465ee728b)
Start importing Assets/Character/Guardian/Materials/m-Guardian-upper00.mat using Guid(c24162805ceccdf45bd09461932e8c1e) Importer(815301076,1909f56bfc062723c751e8b465ee728b)  -> (artifact id: 'b00d2a9a2162c6f684a82ab4b67fbff0') in 0.038185 seconds 
  Import took 0.049634 seconds .

========================================================================
Received Import Request.
  Time since last request: 0.000251 seconds.
  path: Assets/Character/Guardian/Materials/m-Guardian-head00.mat
  artifactKey: Guid(c043538c94a551a4295a6c1bdc5d8155) Importer(815301076,1909f56bfc062723c751e8b465ee728b)
Start importing Assets/Character/Guardian/Materials/m-Guardian-head00.mat using Guid(c043538c94a551a4295a6c1bdc5d8155) Importer(815301076,1909f56bfc062723c751e8b465ee728b)  -> (artifact id: '9e07fccd86a864014aa515cedc9b67c8') in 0.038623 seconds 
  Import took 0.049606 seconds .

========================================================================
Received Import Request.
  Time since last request: 0.000300 seconds.
  path: Assets/Character/Guardian/Materials/m-Guardian-leg00.mat
  artifactKey: Guid(fac9343c70cac314fb3991efd77eb6fe) Importer(815301076,1909f56bfc062723c751e8b465ee728b)
Start importing Assets/Character/Guardian/Materials/m-Guardian-leg00.mat using Guid(fac9343c70cac314fb3991efd77eb6fe) Importer(815301076,1909f56bfc062723c751e8b465ee728b)  -> (artifact id: '1340a760e335ff116e84eecdd42a316d') in 0.040246 seconds 
  Import took 0.051119 seconds .

AssetImportWorkerClient::OnTransportError - code=2 error=End of file
