Using pre-set license
Built from '2020.3/staging' branch; Version is '2020.3.17f1 (a4537701e4ab) revision 10769271'; Using compiler version '192528614'; Build Type 'Release'
OS: 'Windows 10 Home; OS build 19043.1466; Version 2009; 64bit' Language: 'ko' Physical Memory: 8143 MB
BatchMode: 1, IsHumanControllingUs: 0, StartBugReporterOnCrash: 0, Is64bit: 1, IsPro: 0

COMMAND LINE ARGUMENTS:
C:\Program Files\Unity\Hub\Editor\2020.3.17f1\Editor\Unity.exe
-adb2
-batchMode
-noUpm
-name
AssetImportWorker0
-projectPath
C:/Users/dlsgh/Unity-GitHub/Game/3DRPG-portfolio/Project RPG/Project RPG
-logFile
Logs/AssetImportWorker0.log
-srvPort
52159
Successfully changed project path to: C:/Users/dlsgh/Unity-GitHub/Game/3DRPG-portfolio/Project RPG/Project RPG
C:/Users/dlsgh/Unity-GitHub/Game/3DRPG-portfolio/Project RPG/Project RPG
Using Asset Import Pipeline V2.
Refreshing native plugins compatible for Editor in 130.74 ms, found 1 plugins.
Preloading 0 native plugins for Editor in 0.00 ms.
Initialize engine version: 2020.3.17f1 (a4537701e4ab)
[Subsystems] Discovering subsystems at path C:/Program Files/Unity/Hub/Editor/2020.3.17f1/Editor/Data/Resources/UnitySubsystems
[Subsystems] Discovering subsystems at path C:/Users/dlsgh/Unity-GitHub/Game/3DRPG-portfolio/Project RPG/Project RPG/Assets
GfxDevice: creating device client; threaded=0
Direct3D:
    Version:  Direct3D 11.0 [level 11.1]
    Renderer: NVIDIA GeForce GTX 970 (ID=0x13c2)
    Vendor:   
    VRAM:     4059 MB
    Driver:   22.21.13.8205
Initialize mono
Mono path[0] = 'C:/Program Files/Unity/Hub/Editor/2020.3.17f1/Editor/Data/Managed'
Mono path[1] = 'C:/Program Files/Unity/Hub/Editor/2020.3.17f1/Editor/Data/MonoBleedingEdge/lib/mono/unityjit'
Mono config path = 'C:/Program Files/Unity/Hub/Editor/2020.3.17f1/Editor/Data/MonoBleedingEdge/etc'
Using monoOptions --debugger-agent=transport=dt_socket,embedding=1,server=y,suspend=n,address=127.0.0.1:56688
Begin MonoManager ReloadAssembly
Registering precompiled unity dll's ...
Register platform support module: C:/Program Files/Unity/Hub/Editor/2020.3.17f1/Editor/Data/PlaybackEngines/WindowsStandaloneSupport/UnityEditor.WindowsStandalone.Extensions.dll
Registered in 0.004357 seconds.
Native extension for WindowsStandalone target not found
Refreshing native plugins compatible for Editor in 142.40 ms, found 1 plugins.
Preloading 0 native plugins for Editor in 0.00 ms.
Mono: successfully reloaded assembly
- Completed reload, in  3.272 seconds
Domain Reload Profiling:
	ReloadAssembly (3272ms)
		BeginReloadAssembly (82ms)
			ExecutionOrderSort (0ms)
			DisableScriptedObjects (0ms)
			BackupInstance (0ms)
			ReleaseScriptingObjects (0ms)
			CreateAndSetChildDomain (1ms)
		EndReloadAssembly (649ms)
			LoadAssemblies (79ms)
			RebuildTransferFunctionScriptingTraits (0ms)
			SetupTypeCache (206ms)
			ReleaseScriptCaches (0ms)
			RebuildScriptCaches (44ms)
			SetupLoadedEditorAssemblies (282ms)
				LogAssemblyErrors (0ms)
				InitializePlatformSupportModulesInManaged (6ms)
				SetLoadedEditorAssemblies (0ms)
				RefreshPlugins (142ms)
				BeforeProcessingInitializeOnLoad (21ms)
				ProcessInitializeOnLoadAttributes (82ms)
				ProcessInitializeOnLoadMethodAttributes (30ms)
				AfterProcessingInitializeOnLoad (0ms)
				EditorAssembliesLoaded (0ms)
			ExecutionOrderSort2 (0ms)
			AwakeInstancesAfterBackupRestoration (0ms)
Platform modules already initialized, skipping
Registering precompiled user dll's ...
Registered in 0.007617 seconds.
Begin MonoManager ReloadAssembly
Native extension for WindowsStandalone target not found
Refreshing native plugins compatible for Editor in 120.52 ms, found 1 plugins.
Preloading 0 native plugins for Editor in 0.00 ms.
Mono: successfully reloaded assembly
- Completed reload, in  1.428 seconds
Domain Reload Profiling:
	ReloadAssembly (1429ms)
		BeginReloadAssembly (196ms)
			ExecutionOrderSort (0ms)
			DisableScriptedObjects (5ms)
			BackupInstance (0ms)
			ReleaseScriptingObjects (0ms)
			CreateAndSetChildDomain (21ms)
		EndReloadAssembly (1150ms)
			LoadAssemblies (160ms)
			RebuildTransferFunctionScriptingTraits (0ms)
			SetupTypeCache (367ms)
			ReleaseScriptCaches (1ms)
			RebuildScriptCaches (96ms)
			SetupLoadedEditorAssemblies (421ms)
				LogAssemblyErrors (0ms)
				InitializePlatformSupportModulesInManaged (5ms)
				SetLoadedEditorAssemblies (0ms)
				RefreshPlugins (121ms)
				BeforeProcessingInitializeOnLoad (153ms)
				ProcessInitializeOnLoadAttributes (123ms)
				ProcessInitializeOnLoadMethodAttributes (6ms)
				AfterProcessingInitializeOnLoad (12ms)
				EditorAssembliesLoaded (0ms)
			ExecutionOrderSort2 (0ms)
			AwakeInstancesAfterBackupRestoration (7ms)
Platform modules already initialized, skipping
========================================================================
Worker process is ready to serve import requests
Launched and connected shader compiler UnityShaderCompiler.exe after 0.10 seconds
Refreshing native plugins compatible for Editor in 1.09 ms, found 1 plugins.
Preloading 0 native plugins for Editor in 0.00 ms.
Unloading 4589 Unused Serialized files (Serialized files now loaded: 0)
System memory in use before: 199.0 MB.
System memory in use after: 199.2 MB.

Unloading 14 unused Assets to reduce memory usage. Loaded Objects now: 5066.
Total: 3.449900 ms (FindLiveObjects: 0.471800 ms CreateObjectMapping: 0.311700 ms MarkObjects: 2.636500 ms  DeleteObjects: 0.028800 ms)

AssetImportParameters requested are different than current active one (requested -> active):
  custom:framework-win-MediaFoundation: 216162199b28c13a410421893ffa2e32 -> 
  custom:video-decoder-ogg-theora: a1e56fd34408186e4bbccfd4996cb3dc -> 
  custom:container-muxer-webm: aa71ff27fc2769a1b78a27578f13a17b -> 
  custom:container-demuxer-webm: 4f35f7cbe854078d1ac9338744f61a02 -> 
  custom:container-demuxer-ogg: 62fdf1f143b41e24485cea50d1cbac27 -> 
  custom:video-encoder-webm-vp8: eb34c28f22e8b96e1ab97ce403110664 -> 
  custom:video-codec-MediaFoundation-h265: 746d11721c4dcdbdad8f713fa42b33f4 -> 
  custom:video-decoder-webm-vp8: 9c59270c3fd7afecdb556c50c9e8de78 -> 
  custom:audio-decoder-ogg-vorbis: bf7c407c2cedff20999df2af8eb42d56 -> 
  custom:audio-encoder-webm-vorbis: bf7c407c2cedff20999df2af8eb42d56 -> 
========================================================================
Received Import Request.
  path: Assets/Prefabs/BattleUI/DamageText.prefab
  artifactKey: Guid(6d202cb57ccc0854c971e2dcd30211bb) Importer(815301076,1909f56bfc062723c751e8b465ee728b)
Start importing Assets/Prefabs/BattleUI/DamageText.prefab using Guid(6d202cb57ccc0854c971e2dcd30211bb) Importer(815301076,1909f56bfc062723c751e8b465ee728b)  -> (artifact id: '85b7196066ede752a6f6378624d34980') in 0.152049 seconds 
  Import took 0.161434 seconds .

========================================================================
Received Import Request.
  Time since last request: 0.000540 seconds.
  path: Assets/Prefabs/BattleUI/InGameUI.prefab
  artifactKey: Guid(ee589d0c826b2d74ab9946022484c858) Importer(815301076,1909f56bfc062723c751e8b465ee728b)
Start importing Assets/Prefabs/BattleUI/InGameUI.prefab using Guid(ee589d0c826b2d74ab9946022484c858) Importer(815301076,1909f56bfc062723c751e8b465ee728b) InitializeAttributes
UnityEngine.StackTraceUtility:ExtractStackTrace ()
UnityEngine.DebugLogHandler:LogFormat (UnityEngine.LogType,UnityEngine.Object,string,object[])
UnityEngine.Logger:Log (UnityEngine.LogType,object)
UnityEngine.Debug:Log (object)
StatsObject:InitializeAttributes () (at Assets/StatsSystem/ScriptableObjects/StatsObject.cs:283)
StatsObject:OnEnable () (at Assets/StatsSystem/ScriptableObjects/StatsObject.cs:179)

(Filename: Assets/StatsSystem/ScriptableObjects/StatsObject.cs Line: 283)

 -> (artifact id: 'e473f3671fd73415b8eb3949c2922be0') in 0.124888 seconds 
  Import took 0.136617 seconds .

========================================================================
Received Import Request.
  Time since last request: 0.000524 seconds.
  path: Assets/Prefabs/BattleUI/InGameUI 1.prefab
  artifactKey: Guid(cccc5ed3de3458c499083252660d473d) Importer(815301076,1909f56bfc062723c751e8b465ee728b)
Start importing Assets/Prefabs/BattleUI/InGameUI 1.prefab using Guid(cccc5ed3de3458c499083252660d473d) Importer(815301076,1909f56bfc062723c751e8b465ee728b) InitializeAttributes
UnityEngine.StackTraceUtility:ExtractStackTrace ()
UnityEngine.DebugLogHandler:LogFormat (UnityEngine.LogType,UnityEngine.Object,string,object[])
UnityEngine.Logger:Log (UnityEngine.LogType,object)
UnityEngine.Debug:Log (object)
StatsObject:InitializeAttributes () (at Assets/StatsSystem/ScriptableObjects/StatsObject.cs:283)
StatsObject:OnEnable () (at Assets/StatsSystem/ScriptableObjects/StatsObject.cs:179)

(Filename: Assets/StatsSystem/ScriptableObjects/StatsObject.cs Line: 283)

 -> (artifact id: 'afd82eb362642805e60a32896beb0451') in 0.121846 seconds 
  Import took 0.136986 seconds .

========================================================================
Received Import Request.
  Time since last request: 40.021614 seconds.
  path: Assets/Prefabs/BattleUI/InGameUI 1.prefab
  artifactKey: Guid(cccc5ed3de3458c499083252660d473d) Importer(815301076,1909f56bfc062723c751e8b465ee728b)
Start importing Assets/Prefabs/BattleUI/InGameUI 1.prefab using Guid(cccc5ed3de3458c499083252660d473d) Importer(815301076,1909f56bfc062723c751e8b465ee728b) InitializeAttributes
UnityEngine.StackTraceUtility:ExtractStackTrace ()
UnityEngine.DebugLogHandler:LogFormat (UnityEngine.LogType,UnityEngine.Object,string,object[])
UnityEngine.Logger:Log (UnityEngine.LogType,object)
UnityEngine.Debug:Log (object)
StatsObject:InitializeAttributes () (at Assets/StatsSystem/ScriptableObjects/StatsObject.cs:283)
StatsObject:OnEnable () (at Assets/StatsSystem/ScriptableObjects/StatsObject.cs:179)

(Filename: Assets/StatsSystem/ScriptableObjects/StatsObject.cs Line: 283)

 -> (artifact id: '0142046dfea7f50940e4edaa13593bc5') in 0.087782 seconds 
  Import took 0.105970 seconds .

========================================================================
Received Import Request.
  Time since last request: 1.785082 seconds.
  path: Assets/Prefabs/BattleUI/InGameUI 1.prefab
  artifactKey: Guid(cccc5ed3de3458c499083252660d473d) Importer(815301076,1909f56bfc062723c751e8b465ee728b)
Start importing Assets/Prefabs/BattleUI/InGameUI 1.prefab using Guid(cccc5ed3de3458c499083252660d473d) Importer(815301076,1909f56bfc062723c751e8b465ee728b) InitializeAttributes
UnityEngine.StackTraceUtility:ExtractStackTrace ()
UnityEngine.DebugLogHandler:LogFormat (UnityEngine.LogType,UnityEngine.Object,string,object[])
UnityEngine.Logger:Log (UnityEngine.LogType,object)
UnityEngine.Debug:Log (object)
StatsObject:InitializeAttributes () (at Assets/StatsSystem/ScriptableObjects/StatsObject.cs:283)
StatsObject:OnEnable () (at Assets/StatsSystem/ScriptableObjects/StatsObject.cs:179)

(Filename: Assets/StatsSystem/ScriptableObjects/StatsObject.cs Line: 283)

 -> (artifact id: 'fced650259e995c81080c7e5d29bff0f') in 0.087807 seconds 
  Import took 0.104799 seconds .

========================================================================
Received Import Request.
  Time since last request: 17.272193 seconds.
  path: Assets/Prefabs/BattleUI/InGameUI 1.prefab
  artifactKey: Guid(cccc5ed3de3458c499083252660d473d) Importer(815301076,1909f56bfc062723c751e8b465ee728b)
Start importing Assets/Prefabs/BattleUI/InGameUI 1.prefab using Guid(cccc5ed3de3458c499083252660d473d) Importer(815301076,1909f56bfc062723c751e8b465ee728b) InitializeAttributes
UnityEngine.StackTraceUtility:ExtractStackTrace ()
UnityEngine.DebugLogHandler:LogFormat (UnityEngine.LogType,UnityEngine.Object,string,object[])
UnityEngine.Logger:Log (UnityEngine.LogType,object)
UnityEngine.Debug:Log (object)
StatsObject:InitializeAttributes () (at Assets/StatsSystem/ScriptableObjects/StatsObject.cs:283)
StatsObject:OnEnable () (at Assets/StatsSystem/ScriptableObjects/StatsObject.cs:179)

(Filename: Assets/StatsSystem/ScriptableObjects/StatsObject.cs Line: 283)

 -> (artifact id: '1c31865c67086a8078ab7e026a1ec90b') in 0.091787 seconds 
  Import took 0.108668 seconds .

========================================================================
Received Import Request.
  Time since last request: 1.609443 seconds.
  path: Assets/Prefabs/BattleUI/InGameUI 1.prefab
  artifactKey: Guid(cccc5ed3de3458c499083252660d473d) Importer(815301076,1909f56bfc062723c751e8b465ee728b)
Start importing Assets/Prefabs/BattleUI/InGameUI 1.prefab using Guid(cccc5ed3de3458c499083252660d473d) Importer(815301076,1909f56bfc062723c751e8b465ee728b) InitializeAttributes
UnityEngine.StackTraceUtility:ExtractStackTrace ()
UnityEngine.DebugLogHandler:LogFormat (UnityEngine.LogType,UnityEngine.Object,string,object[])
UnityEngine.Logger:Log (UnityEngine.LogType,object)
UnityEngine.Debug:Log (object)
StatsObject:InitializeAttributes () (at Assets/StatsSystem/ScriptableObjects/StatsObject.cs:283)
StatsObject:OnEnable () (at Assets/StatsSystem/ScriptableObjects/StatsObject.cs:179)

(Filename: Assets/StatsSystem/ScriptableObjects/StatsObject.cs Line: 283)

 -> (artifact id: '118ca1c61f94e2a29a50603594f941db') in 0.096904 seconds 
  Import took 0.115225 seconds .

========================================================================
Received Import Request.
  Time since last request: 28.012337 seconds.
  path: Assets/Prefabs/BattleUI/InGameUI backup.prefab
  artifactKey: Guid(ee589d0c826b2d74ab9946022484c858) Importer(815301076,1909f56bfc062723c751e8b465ee728b)
Start importing Assets/Prefabs/BattleUI/InGameUI backup.prefab using Guid(ee589d0c826b2d74ab9946022484c858) Importer(815301076,1909f56bfc062723c751e8b465ee728b) InitializeAttributes
UnityEngine.StackTraceUtility:ExtractStackTrace ()
UnityEngine.DebugLogHandler:LogFormat (UnityEngine.LogType,UnityEngine.Object,string,object[])
UnityEngine.Logger:Log (UnityEngine.LogType,object)
UnityEngine.Debug:Log (object)
StatsObject:InitializeAttributes () (at Assets/StatsSystem/ScriptableObjects/StatsObject.cs:283)
StatsObject:OnEnable () (at Assets/StatsSystem/ScriptableObjects/StatsObject.cs:179)

(Filename: Assets/StatsSystem/ScriptableObjects/StatsObject.cs Line: 283)

 -> (artifact id: '6a27d3a373ffcd9695330fb32fccf6f9') in 0.088288 seconds 
  Import took 0.105183 seconds .

========================================================================
Received Import Request.
  Time since last request: 5.712632 seconds.
  path: Assets/Prefabs/BattleUI/InGameUI.prefab
  artifactKey: Guid(cccc5ed3de3458c499083252660d473d) Importer(815301076,1909f56bfc062723c751e8b465ee728b)
Start importing Assets/Prefabs/BattleUI/InGameUI.prefab using Guid(cccc5ed3de3458c499083252660d473d) Importer(815301076,1909f56bfc062723c751e8b465ee728b) InitializeAttributes
UnityEngine.StackTraceUtility:ExtractStackTrace ()
UnityEngine.DebugLogHandler:LogFormat (UnityEngine.LogType,UnityEngine.Object,string,object[])
UnityEngine.Logger:Log (UnityEngine.LogType,object)
UnityEngine.Debug:Log (object)
StatsObject:InitializeAttributes () (at Assets/StatsSystem/ScriptableObjects/StatsObject.cs:283)
StatsObject:OnEnable () (at Assets/StatsSystem/ScriptableObjects/StatsObject.cs:179)

(Filename: Assets/StatsSystem/ScriptableObjects/StatsObject.cs Line: 283)

 -> (artifact id: 'f7573ebce1181b788801d4e91d707317') in 0.090396 seconds 
  Import took 0.106507 seconds .

========================================================================
Received Import Request.
  Time since last request: 151.056048 seconds.
  path: Assets/Character/Guardian/Icon_equipment/G02_shield.png
  artifactKey: Guid(2cbc4cc14e87f73409a5b6de8b0b04ae) Importer(815301076,1909f56bfc062723c751e8b465ee728b)
Start importing Assets/Character/Guardian/Icon_equipment/G02_shield.png using Guid(2cbc4cc14e87f73409a5b6de8b0b04ae) Importer(815301076,1909f56bfc062723c751e8b465ee728b)  -> (artifact id: 'ec660214e4c4bd9e578a00fc3f3ecda3') in 0.207642 seconds 
  Import took 0.217257 seconds .

========================================================================
Received Import Request.
  Time since last request: 0.736527 seconds.
  path: Assets/Character/Guardian/Icon_equipment/G2_shoulder.png
  artifactKey: Guid(b8e142a938bfc16418d80e6dde592a34) Importer(815301076,1909f56bfc062723c751e8b465ee728b)
Start importing Assets/Character/Guardian/Icon_equipment/G2_shoulder.png using Guid(b8e142a938bfc16418d80e6dde592a34) Importer(815301076,1909f56bfc062723c751e8b465ee728b)  -> (artifact id: 'b2f23a09d4d32b09014f0233c9aed977') in 0.036878 seconds 
  Import took 0.048888 seconds .

========================================================================
Received Import Request.
  Time since last request: 0.000411 seconds.
  path: Assets/Character/Guardian/Icon_equipment/G02_sword.png
  artifactKey: Guid(53ad8733427ce4e4d9f69861da64efb1) Importer(815301076,1909f56bfc062723c751e8b465ee728b)
Start importing Assets/Character/Guardian/Icon_equipment/G02_sword.png using Guid(53ad8733427ce4e4d9f69861da64efb1) Importer(815301076,1909f56bfc062723c751e8b465ee728b)  -> (artifact id: 'bb7f0be46fb93b7b7102e4863de7615a') in 0.037362 seconds 
  Import took 0.046752 seconds .

========================================================================
Received Import Request.
  Time since last request: 0.000325 seconds.
  path: Assets/Character/Guardian/Icon_equipment/G2A_leg.png
  artifactKey: Guid(094a29f2b4ca77a42ac549c5a6fd7d80) Importer(815301076,1909f56bfc062723c751e8b465ee728b)
Start importing Assets/Character/Guardian/Icon_equipment/G2A_leg.png using Guid(094a29f2b4ca77a42ac549c5a6fd7d80) Importer(815301076,1909f56bfc062723c751e8b465ee728b)  -> (artifact id: 'a1b0fa059b18ccaf4d219f3be34bc721') in 0.039622 seconds 
  Import took 0.049311 seconds .

========================================================================
Received Import Request.
  Time since last request: 0.000279 seconds.
  path: Assets/Character/Guardian/Icon_equipment/G02A_sword.png
  artifactKey: Guid(abf4db7252ddb464eb50b363d70102b3) Importer(815301076,1909f56bfc062723c751e8b465ee728b)
Start importing Assets/Character/Guardian/Icon_equipment/G02A_sword.png using Guid(abf4db7252ddb464eb50b363d70102b3) Importer(815301076,1909f56bfc062723c751e8b465ee728b)  -> (artifact id: '4a0889a9180cac298212c465cfecf4a0') in 0.037498 seconds 
  Import took 0.046848 seconds .

========================================================================
Received Import Request.
  Time since last request: 0.000331 seconds.
  path: Assets/Character/Guardian/Icon_equipment/G2A_shoulder.png
  artifactKey: Guid(7299a509d5db7e742aa4768136c20275) Importer(815301076,1909f56bfc062723c751e8b465ee728b)
Start importing Assets/Character/Guardian/Icon_equipment/G2A_shoulder.png using Guid(7299a509d5db7e742aa4768136c20275) Importer(815301076,1909f56bfc062723c751e8b465ee728b)  -> (artifact id: '83e96d19272805da0095a3618397030a') in 0.037412 seconds 
  Import took 0.047549 seconds .

========================================================================
Received Import Request.
  Time since last request: 0.000270 seconds.
  path: Assets/Character/Guardian/Icon_equipment/G02A_shield.png
  artifactKey: Guid(7a8f61cf8d642ae4889f9344c189dd7c) Importer(815301076,1909f56bfc062723c751e8b465ee728b)
Start importing Assets/Character/Guardian/Icon_equipment/G02A_shield.png using Guid(7a8f61cf8d642ae4889f9344c189dd7c) Importer(815301076,1909f56bfc062723c751e8b465ee728b)  -> (artifact id: '6ec9cc68ed31f5052a96dbfdcf3da3e9') in 0.035737 seconds 
  Import took 0.044617 seconds .

========================================================================
Received Import Request.
  Time since last request: 0.000249 seconds.
  path: Assets/Character/Guardian/Icon_equipment/G2_upper.png
  artifactKey: Guid(580b62bcf85265e498abc8810348abd1) Importer(815301076,1909f56bfc062723c751e8b465ee728b)
Start importing Assets/Character/Guardian/Icon_equipment/G2_upper.png using Guid(580b62bcf85265e498abc8810348abd1) Importer(815301076,1909f56bfc062723c751e8b465ee728b)  -> (artifact id: '3d3c0876cd1728530bd9534ca7517fa9') in 0.031565 seconds 
  Import took 0.040259 seconds .

========================================================================
Received Import Request.
  Time since last request: 0.000270 seconds.
  path: Assets/Character/Guardian/Icon_equipment/G2A_head.png
  artifactKey: Guid(977c84ffe596cba4aafaceab244b3386) Importer(815301076,1909f56bfc062723c751e8b465ee728b)
Start importing Assets/Character/Guardian/Icon_equipment/G2A_head.png using Guid(977c84ffe596cba4aafaceab244b3386) Importer(815301076,1909f56bfc062723c751e8b465ee728b)  -> (artifact id: '015e50cdc002e476d574d4ead18b9b82') in 0.034554 seconds 
  Import took 0.043086 seconds .

========================================================================
Received Import Request.
  Time since last request: 0.000267 seconds.
  path: Assets/Character/Guardian/Icon_equipment/G2_upper.png
  artifactKey: Guid(580b62bcf85265e498abc8810348abd1) Importer(815301076,1909f56bfc062723c751e8b465ee728b)
Start importing Assets/Character/Guardian/Icon_equipment/G2_upper.png using Guid(580b62bcf85265e498abc8810348abd1) Importer(815301076,1909f56bfc062723c751e8b465ee728b)  -> (artifact id: '3d3c0876cd1728530bd9534ca7517fa9') in 0.023150 seconds 
  Import took 0.032616 seconds .

========================================================================
Received Import Request.
  Time since last request: 0.000253 seconds.
  path: Assets/Character/Guardian/Icon_equipment/G2B_upper.png
  artifactKey: Guid(0cf6e309860fc8f4bbe0d9f6a4cf911c) Importer(815301076,1909f56bfc062723c751e8b465ee728b)
Start importing Assets/Character/Guardian/Icon_equipment/G2B_upper.png using Guid(0cf6e309860fc8f4bbe0d9f6a4cf911c) Importer(815301076,1909f56bfc062723c751e8b465ee728b)  -> (artifact id: '16e86414012a96a3af1ae9e490f84ad5') in 0.029553 seconds 
  Import took 0.041484 seconds .

========================================================================
Received Import Request.
  Time since last request: 0.000258 seconds.
  path: Assets/Character/Guardian/Icon_equipment/G2B_leg.png
  artifactKey: Guid(d20e1d21d64a31b44a82a873369bd095) Importer(815301076,1909f56bfc062723c751e8b465ee728b)
Start importing Assets/Character/Guardian/Icon_equipment/G2B_leg.png using Guid(d20e1d21d64a31b44a82a873369bd095) Importer(815301076,1909f56bfc062723c751e8b465ee728b)  -> (artifact id: '285d5247f0e83788e62473708a115146') in 0.033656 seconds 
  Import took 0.045039 seconds .

========================================================================
Received Import Request.
  Time since last request: 0.000251 seconds.
  path: Assets/Character/Guardian/Icon_equipment/G2B_shoulder.png
  artifactKey: Guid(ed77812c53da80141ac7b0a0a00b3033) Importer(815301076,1909f56bfc062723c751e8b465ee728b)
Start importing Assets/Character/Guardian/Icon_equipment/G2B_shoulder.png using Guid(ed77812c53da80141ac7b0a0a00b3033) Importer(815301076,1909f56bfc062723c751e8b465ee728b)  -> (artifact id: 'e5ff0cfd7550f49ab9565c3a70bc1fe8') in 0.036970 seconds 
  Import took 0.048192 seconds .

========================================================================
Received Import Request.
  Time since last request: 0.000239 seconds.
  path: Assets/Character/Guardian/Icon_equipment/G2B_head.png
  artifactKey: Guid(be03617ee491e714fbe4194e032fefe0) Importer(815301076,1909f56bfc062723c751e8b465ee728b)
Start importing Assets/Character/Guardian/Icon_equipment/G2B_head.png using Guid(be03617ee491e714fbe4194e032fefe0) Importer(815301076,1909f56bfc062723c751e8b465ee728b)  -> (artifact id: 'f0acb16bb5f055d846002c272ed89ea6') in 0.036804 seconds 
  Import took 0.045411 seconds .

========================================================================
Received Import Request.
  Time since last request: 0.000224 seconds.
  path: Assets/Character/Guardian/Icon_equipment/G02B_shield.png
  artifactKey: Guid(f776c3f928053da49a7152f3c8003a2e) Importer(815301076,1909f56bfc062723c751e8b465ee728b)
Start importing Assets/Character/Guardian/Icon_equipment/G02B_shield.png using Guid(f776c3f928053da49a7152f3c8003a2e) Importer(815301076,1909f56bfc062723c751e8b465ee728b)  -> (artifact id: '8af446fd63a5bb21394d41d98ba6d66d') in 0.033815 seconds 
  Import took 0.041911 seconds .

========================================================================
Received Import Request.
  Time since last request: 0.000223 seconds.
  path: Assets/Character/Guardian/Icon_equipment/G2A_upper.png
  artifactKey: Guid(17d2462b4cafdf449a79306b3cbcedc7) Importer(815301076,1909f56bfc062723c751e8b465ee728b)
Start importing Assets/Character/Guardian/Icon_equipment/G2A_upper.png using Guid(17d2462b4cafdf449a79306b3cbcedc7) Importer(815301076,1909f56bfc062723c751e8b465ee728b)  -> (artifact id: '6d173f17b1dd7f88c27603e17708f47d') in 0.037403 seconds 
  Import took 0.045905 seconds .

========================================================================
Received Import Request.
  Time since last request: 0.000207 seconds.
  path: Assets/Character/Guardian/Icon_equipment/G2B_arm.png
  artifactKey: Guid(ff5e9b2aed35e7d4aa46f870e6951682) Importer(815301076,1909f56bfc062723c751e8b465ee728b)
Start importing Assets/Character/Guardian/Icon_equipment/G2B_arm.png using Guid(ff5e9b2aed35e7d4aa46f870e6951682) Importer(815301076,1909f56bfc062723c751e8b465ee728b)  -> (artifact id: '7ce11805a2d69d0164c307830b153b13') in 0.035179 seconds 
  Import took 0.043641 seconds .

========================================================================
Received Import Request.
  Time since last request: 0.000312 seconds.
  path: Assets/Character/Guardian/Icon_equipment/G02B_sword.png
  artifactKey: Guid(06f841c2d76508c448dff650ff6fad18) Importer(815301076,1909f56bfc062723c751e8b465ee728b)
Start importing Assets/Character/Guardian/Icon_equipment/G02B_sword.png using Guid(06f841c2d76508c448dff650ff6fad18) Importer(815301076,1909f56bfc062723c751e8b465ee728b)  -> (artifact id: '174e401f0532df76b8670cb0480fa78e') in 0.032083 seconds 
  Import took 0.041628 seconds .

========================================================================
Received Import Request.
  Time since last request: 0.000271 seconds.
  path: Assets/Character/Guardian/Icon_equipment/G2B_arm.png
  artifactKey: Guid(ff5e9b2aed35e7d4aa46f870e6951682) Importer(815301076,1909f56bfc062723c751e8b465ee728b)
Start importing Assets/Character/Guardian/Icon_equipment/G2B_arm.png using Guid(ff5e9b2aed35e7d4aa46f870e6951682) Importer(815301076,1909f56bfc062723c751e8b465ee728b)  -> (artifact id: '7ce11805a2d69d0164c307830b153b13') in 0.023430 seconds 
  Import took 0.033075 seconds .

========================================================================
Received Import Request.
  Time since last request: 0.000334 seconds.
  path: Assets/Character/Guardian/Icon_equipment/G2A_lower.png
  artifactKey: Guid(280eb67c386f6be499cf058f1c241a8a) Importer(815301076,1909f56bfc062723c751e8b465ee728b)
Start importing Assets/Character/Guardian/Icon_equipment/G2A_lower.png using Guid(280eb67c386f6be499cf058f1c241a8a) Importer(815301076,1909f56bfc062723c751e8b465ee728b)  -> (artifact id: '518701411f745558e513d2a0510e0c5c') in 0.032600 seconds 
  Import took 0.041743 seconds .

========================================================================
Received Import Request.
  Time since last request: 0.000265 seconds.
  path: Assets/Character/Guardian/Icon_equipment/G2B_lower.png
  artifactKey: Guid(adb3436e9e7e7bc40807bcca13250048) Importer(815301076,1909f56bfc062723c751e8b465ee728b)
Start importing Assets/Character/Guardian/Icon_equipment/G2B_lower.png using Guid(adb3436e9e7e7bc40807bcca13250048) Importer(815301076,1909f56bfc062723c751e8b465ee728b)  -> (artifact id: '32921b3b19647be77f00676b8b9bca47') in 0.026464 seconds 
  Import took 0.035306 seconds .

========================================================================
Received Import Request.
  Time since last request: 0.000249 seconds.
  path: Assets/Character/Guardian/Icon_equipment/G2A_arm.png
  artifactKey: Guid(80e49abce02aa194294c5b3affdd6839) Importer(815301076,1909f56bfc062723c751e8b465ee728b)
Start importing Assets/Character/Guardian/Icon_equipment/G2A_arm.png using Guid(80e49abce02aa194294c5b3affdd6839) Importer(815301076,1909f56bfc062723c751e8b465ee728b)  -> (artifact id: 'a8b01bc9c756611de27aead7739dc621') in 0.036738 seconds 
  Import took 0.046336 seconds .

========================================================================
Received Import Request.
  Time since last request: 0.000246 seconds.
  path: Assets/Character/Guardian/Icon_equipment/raven_artifact_03.png
  artifactKey: Guid(35e634a16c35ecc41aac4ad408b58631) Importer(815301076,1909f56bfc062723c751e8b465ee728b)
Start importing Assets/Character/Guardian/Icon_equipment/raven_artifact_03.png using Guid(35e634a16c35ecc41aac4ad408b58631) Importer(815301076,1909f56bfc062723c751e8b465ee728b)  -> (artifact id: '7acda38e1bce9dbdf13d115cc9aff1ba') in 0.032906 seconds 
  Import took 0.044226 seconds .

========================================================================
Received Import Request.
  Time since last request: 44.695496 seconds.
  path: Assets/InventorySystem/ScriptableObjects/Items/ItemDatabase/Portions/HealPortion.asset
  artifactKey: Guid(5f37c50c4b6bda543ad2e096ecc050db) Importer(815301076,1909f56bfc062723c751e8b465ee728b)
Start importing Assets/InventorySystem/ScriptableObjects/Items/ItemDatabase/Portions/HealPortion.asset using Guid(5f37c50c4b6bda543ad2e096ecc050db) Importer(815301076,1909f56bfc062723c751e8b465ee728b)  -> (artifact id: 'b7e558ab8162b943cea4f54d3da255c9') in 0.014691 seconds 
  Import took 0.029073 seconds .

========================================================================
Received Import Request.
  Time since last request: 0.006826 seconds.
  path: Assets/InventorySystem/ScriptableObjects/Items/ItemDatabase/Portions/HealPortion.asset
  artifactKey: Guid(5f37c50c4b6bda543ad2e096ecc050db) Importer(815301076,1909f56bfc062723c751e8b465ee728b)
Start importing Assets/InventorySystem/ScriptableObjects/Items/ItemDatabase/Portions/HealPortion.asset using Guid(5f37c50c4b6bda543ad2e096ecc050db) Importer(815301076,1909f56bfc062723c751e8b465ee728b)  -> (artifact id: 'b7e558ab8162b943cea4f54d3da255c9') in 0.009307 seconds 
  Import took 0.018855 seconds .

========================================================================
Received Import Request.
  Time since last request: 363.385980 seconds.
  path: Assets/QuickSlotSystem
  artifactKey: Guid(094b5bfb760cc4645bdb7e247e309370) Importer(815301076,1909f56bfc062723c751e8b465ee728b)
Start importing Assets/QuickSlotSystem using Guid(094b5bfb760cc4645bdb7e247e309370) Importer(815301076,1909f56bfc062723c751e8b465ee728b)  -> (artifact id: 'e2154518c55ee2f71de99694515a8c2c') in 0.011877 seconds 
  Import took 0.023645 seconds .

========================================================================
Received Prepare
Registering precompiled user dll's ...
Registered in 0.006106 seconds.
Begin MonoManager ReloadAssembly
Native extension for WindowsStandalone target not found
Refreshing native plugins compatible for Editor in 1.72 ms, found 1 plugins.
Preloading 0 native plugins for Editor in 0.00 ms.
Mono: successfully reloaded assembly
- Completed reload, in  1.621 seconds
Domain Reload Profiling:
	ReloadAssembly (1621ms)
		BeginReloadAssembly (135ms)
			ExecutionOrderSort (0ms)
			DisableScriptedObjects (5ms)
			BackupInstance (0ms)
			ReleaseScriptingObjects (0ms)
			CreateAndSetChildDomain (35ms)
		EndReloadAssembly (1411ms)
			LoadAssemblies (130ms)
			RebuildTransferFunctionScriptingTraits (0ms)
			SetupTypeCache (381ms)
			ReleaseScriptCaches (2ms)
			RebuildScriptCaches (197ms)
			SetupLoadedEditorAssemblies (432ms)
				LogAssemblyErrors (0ms)
				InitializePlatformSupportModulesInManaged (14ms)
				SetLoadedEditorAssemblies (1ms)
				RefreshPlugins (2ms)
				BeforeProcessingInitializeOnLoad (246ms)
				ProcessInitializeOnLoadAttributes (146ms)
				ProcessInitializeOnLoadMethodAttributes (8ms)
				AfterProcessingInitializeOnLoad (14ms)
				EditorAssembliesLoaded (0ms)
			ExecutionOrderSort2 (0ms)
			AwakeInstancesAfterBackupRestoration (14ms)
Platform modules already initialized, skipping
Switching build target platform(19) subTarget(0) extendedPlatform(0) -> platform(13) subTarget(537395200) extendedPlatform(0)
Refreshing native plugins compatible for Editor in 0.88 ms, found 1 plugins.
Preloading 0 native plugins for Editor in 0.00 ms.
Unloading 4461 Unused Serialized files (Serialized files now loaded: 0)
System memory in use before: 190.9 MB.
System memory in use after: 191.2 MB.

Unloading 13 unused Assets to reduce memory usage. Loaded Objects now: 5079.
Total: 3.505500 ms (FindLiveObjects: 0.388200 ms CreateObjectMapping: 0.232500 ms MarkObjects: 2.810800 ms  DeleteObjects: 0.073100 ms)

AssetImportParameters requested are different than current active one (requested -> active):
  custom:framework-win-MediaFoundation: 216162199b28c13a410421893ffa2e32 -> 
  custom:video-decoder-ogg-theora: a1e56fd34408186e4bbccfd4996cb3dc -> 
  custom:container-muxer-webm: aa71ff27fc2769a1b78a27578f13a17b -> 
  custom:container-demuxer-webm: 4f35f7cbe854078d1ac9338744f61a02 -> 
  custom:container-demuxer-ogg: 62fdf1f143b41e24485cea50d1cbac27 -> 
  custom:video-encoder-webm-vp8: eb34c28f22e8b96e1ab97ce403110664 -> 
  custom:video-codec-MediaFoundation-h265: 746d11721c4dcdbdad8f713fa42b33f4 -> 
  custom:video-decoder-webm-vp8: 9c59270c3fd7afecdb556c50c9e8de78 -> 
  custom:graphics/normal-map-encoding: 01000000000000000000000000000000 -> 02000000000000000000000000000000
  custom:audio-decoder-ogg-vorbis: bf7c407c2cedff20999df2af8eb42d56 -> 
  custom:audio-encoder-webm-vorbis: bf7c407c2cedff20999df2af8eb42d56 -> 
========================================================================
Received Import Request.
  Time since last request: 37.277820 seconds.
  path: Assets/QuickSlotSystem/New Folder
  artifactKey: Guid(310f3136ba6f79a4b91a0b8335ec7067) Importer(815301076,1909f56bfc062723c751e8b465ee728b)
Start importing Assets/QuickSlotSystem/New Folder using Guid(310f3136ba6f79a4b91a0b8335ec7067) Importer(815301076,1909f56bfc062723c751e8b465ee728b)  -> (artifact id: '5d0ade029468e027121b9f1c81fa466d') in 0.015835 seconds 
  Import took 0.031215 seconds .

========================================================================
Received Import Request.
  Time since last request: 4.088292 seconds.
  path: Assets/QuickSlotSystem/PortionSystem
  artifactKey: Guid(310f3136ba6f79a4b91a0b8335ec7067) Importer(815301076,1909f56bfc062723c751e8b465ee728b)
Start importing Assets/QuickSlotSystem/PortionSystem using Guid(310f3136ba6f79a4b91a0b8335ec7067) Importer(815301076,1909f56bfc062723c751e8b465ee728b)  -> (artifact id: 'cf4dc6467be9477038b0449d00f1b2ae') in 0.008272 seconds 
  Import took 0.019333 seconds .

========================================================================
Received Import Request.
  Time since last request: 1.683378 seconds.
  path: Assets/QuickSlotSystem/SkillSystem
  artifactKey: Guid(571c738e955e5ad40bfece74e1971702) Importer(815301076,1909f56bfc062723c751e8b465ee728b)
Start importing Assets/QuickSlotSystem/SkillSystem using Guid(571c738e955e5ad40bfece74e1971702) Importer(815301076,1909f56bfc062723c751e8b465ee728b)  -> (artifact id: 'a956a88e46cb1009dea8b19a2bc73077') in 0.009650 seconds 
  Import took 0.027663 seconds .

========================================================================
Received Import Request.
  Time since last request: 4.925971 seconds.
  path: Assets/QuickSlotSystem/SkillSystem/SkillController.cs
  artifactKey: Guid(a36305393b22f004f9fa0baecc649f8c) Importer(815301076,1909f56bfc062723c751e8b465ee728b)
Start importing Assets/QuickSlotSystem/SkillSystem/SkillController.cs using Guid(a36305393b22f004f9fa0baecc649f8c) Importer(815301076,1909f56bfc062723c751e8b465ee728b)  -> (artifact id: '90055a1c0b0acc75a6c00ec214705f6e') in 0.015606 seconds 
  Import took 0.024413 seconds .

========================================================================
Received Import Request.
  Time since last request: 0.018472 seconds.
  path: Assets/QuickSlotSystem/SkillSystem/SkillController.cs
  artifactKey: Guid(a36305393b22f004f9fa0baecc649f8c) Importer(815301076,1909f56bfc062723c751e8b465ee728b)
Start importing Assets/QuickSlotSystem/SkillSystem/SkillController.cs using Guid(a36305393b22f004f9fa0baecc649f8c) Importer(815301076,1909f56bfc062723c751e8b465ee728b)  -> (artifact id: '90055a1c0b0acc75a6c00ec214705f6e') in 0.006522 seconds 
  Import took 0.015996 seconds .

========================================================================
Received Import Request.
  Time since last request: 67.014581 seconds.
  path: Assets/QuickSlotSystem/PortionSystem/PortionController.cs
  artifactKey: Guid(605f577fcbf95724a8f65c2e8799c915) Importer(815301076,1909f56bfc062723c751e8b465ee728b)
Start importing Assets/QuickSlotSystem/PortionSystem/PortionController.cs using Guid(605f577fcbf95724a8f65c2e8799c915) Importer(815301076,1909f56bfc062723c751e8b465ee728b)  -> (artifact id: 'cf59887eb9c6905eb9474a23db88928a') in 0.010487 seconds 
  Import took 0.019325 seconds .

========================================================================
Received Prepare
Registering precompiled user dll's ...
Registered in 0.007444 seconds.
Begin MonoManager ReloadAssembly
Native extension for WindowsStandalone target not found
Refreshing native plugins compatible for Editor in 1.00 ms, found 1 plugins.
Preloading 0 native plugins for Editor in 0.00 ms.
Mono: successfully reloaded assembly
- Completed reload, in  1.211 seconds
Domain Reload Profiling:
	ReloadAssembly (1211ms)
		BeginReloadAssembly (124ms)
			ExecutionOrderSort (0ms)
			DisableScriptedObjects (5ms)
			BackupInstance (0ms)
			ReleaseScriptingObjects (0ms)
			CreateAndSetChildDomain (31ms)
		EndReloadAssembly (1013ms)
			LoadAssemblies (123ms)
			RebuildTransferFunctionScriptingTraits (0ms)
			SetupTypeCache (333ms)
			ReleaseScriptCaches (2ms)
			RebuildScriptCaches (89ms)
			SetupLoadedEditorAssemblies (323ms)
				LogAssemblyErrors (0ms)
				InitializePlatformSupportModulesInManaged (5ms)
				SetLoadedEditorAssemblies (0ms)
				RefreshPlugins (1ms)
				BeforeProcessingInitializeOnLoad (146ms)
				ProcessInitializeOnLoadAttributes (147ms)
				ProcessInitializeOnLoadMethodAttributes (5ms)
				AfterProcessingInitializeOnLoad (18ms)
				EditorAssembliesLoaded (0ms)
			ExecutionOrderSort2 (0ms)
			AwakeInstancesAfterBackupRestoration (11ms)
Platform modules already initialized, skipping
Switching build target platform(19) subTarget(0) extendedPlatform(0) -> platform(13) subTarget(537395200) extendedPlatform(0)
Refreshing native plugins compatible for Editor in 0.79 ms, found 1 plugins.
Preloading 0 native plugins for Editor in 0.00 ms.
Unloading 4462 Unused Serialized files (Serialized files now loaded: 0)
System memory in use before: 191.0 MB.
System memory in use after: 191.3 MB.

Unloading 10 unused Assets to reduce memory usage. Loaded Objects now: 5083.
Total: 5.302300 ms (FindLiveObjects: 0.806900 ms CreateObjectMapping: 0.303900 ms MarkObjects: 4.170700 ms  DeleteObjects: 0.019800 ms)

AssetImportParameters requested are different than current active one (requested -> active):
  custom:framework-win-MediaFoundation: 216162199b28c13a410421893ffa2e32 -> 
  custom:video-decoder-ogg-theora: a1e56fd34408186e4bbccfd4996cb3dc -> 
  custom:container-muxer-webm: aa71ff27fc2769a1b78a27578f13a17b -> 
  custom:container-demuxer-webm: 4f35f7cbe854078d1ac9338744f61a02 -> 
  custom:container-demuxer-ogg: 62fdf1f143b41e24485cea50d1cbac27 -> 
  custom:video-encoder-webm-vp8: eb34c28f22e8b96e1ab97ce403110664 -> 
  custom:video-codec-MediaFoundation-h265: 746d11721c4dcdbdad8f713fa42b33f4 -> 
  custom:video-decoder-webm-vp8: 9c59270c3fd7afecdb556c50c9e8de78 -> 
  custom:graphics/normal-map-encoding: 01000000000000000000000000000000 -> 02000000000000000000000000000000
  custom:audio-decoder-ogg-vorbis: bf7c407c2cedff20999df2af8eb42d56 -> 
  custom:audio-encoder-webm-vorbis: bf7c407c2cedff20999df2af8eb42d56 -> 
